GROUP,PACKAGE,CLASS,INSTRUCTION_MISSED,INSTRUCTION_COVERED,BRANCH_MISSED,BRANCH_COVERED,LINE_MISSED,LINE_COVERED,COMPLEXITY_MISSED,COMPLEXITY_COVERED,METHOD_MISSED,METHOD_COVERED
User Management Service,com.userservice.management.rbac.service.impl,RoleServiceImpl,153,133,11,5,27,30,15,7,8,6
User Management Service,com.userservice.management.rbac.service.impl,PermissionServiceImpl,165,0,8,0,36,0,14,0,10,0
User Management Service,com.usermanagement.payment.context,PaymentContext,21,6,2,0,4,3,2,1,1,1
User Management Service,com.usermanagement.config,SecurityConfig,0,83,0,0,0,17,0,7,0,7
User Management Service,com.usermanagement.observer.metrics,ObserverMetrics,67,9,4,0,8,4,4,2,2,2
User Management Service,com.usermanagement,UserManagementApplication,5,3,0,0,2,1,1,1,1,1
User Management Service,com.usermanagement.security,UserPrincipal,1,72,1,1,0,23,1,11,0,11
User Management Service,com.usermanagement.security,JwtAuthenticationFilter,0,71,2,6,0,15,2,5,0,3
User Management Service,com.usermanagement.security,UserSecurity,24,3,6,0,7,1,4,1,1,1
User Management Service,com.usermanagement.security,JwtUtil,3,55,0,0,2,18,0,5,0,5
User Management Service,com.usermanagement.security,CustomUserDetailsService,6,27,0,0,0,6,1,2,1,2
User Management Service,com.usermanagement.observer.impl,OrderEvent,21,0,0,0,8,0,4,0,4,0
User Management Service,com.usermanagement.observer.impl,SmsNotificationObserver,19,7,2,0,4,2,4,2,3,2
User Management Service,com.usermanagement.observer.impl,AnalyticsObserver,10,7,0,0,4,2,3,2,3,2
User Management Service,com.usermanagement.observer.impl,EmailNotificationObserver,12,7,0,0,4,2,3,2,3,2
User Management Service,com.usermanagement.observer.impl,OrderEventSubject,102,15,4,0,23,4,8,2,6,2
User Management Service,com.usermanagement.dto,UserDto,23,75,6,0,4,20,4,20,1,20
User Management Service,com.usermanagement.dto,PaymentResult,36,0,0,0,12,0,8,0,8,0
User Management Service,com.usermanagement.dto,PermissionDto,221,16,45,1,5,1,34,4,11,4
User Management Service,com.usermanagement.dto,PaymentRequest,59,0,0,0,17,0,17,0,17,0
User Management Service,com.usermanagement.dto,AccessRequestDto,342,16,69,1,8,1,52,4,17,4
User Management Service,com.usermanagement.dto,StandardResponse,7,19,0,0,1,2,1,2,1,2
User Management Service,com.usermanagement.dto,AuditLogDto,220,16,45,1,5,1,34,4,11,4
User Management Service,com.usermanagement.dto,RoleDto,0,15,0,0,0,1,0,1,0,1
User Management Service,com.usermanagement.dto,PaymentStatus,33,0,0,0,6,0,1,0,1,0
User Management Service,com.usermanagement.observer.core,ObserverPriority,21,0,0,0,2,0,1,0,1,0
User Management Service,com.usermanagement.observer.core,Event,16,0,0,0,5,0,3,0,3,0
User Management Service,com.usermanagement.observer.core,Observer,6,0,0,0,1,0,1,0,1,0
User Management Service,com.usermanagement.observer.circuitbreaker,ObserverCircuitBreaker,29,0,0,0,11,0,3,0,3,0
User Management Service,com.userservice.management.rbac.exception,ResourceNotFoundException,4,19,0,0,2,2,1,1,1,1
User Management Service,com.userservice.management.rbac.exception,DuplicateResourceException,4,19,0,0,2,2,1,1,1,1
User Management Service,com.usermanagement.service.impl,AuditLogServiceImpl,90,12,0,0,15,1,7,1,7,1
User Management Service,com.usermanagement.service.impl,RoleServiceImpl,374,16,18,0,70,2,24,2,15,2
User Management Service,com.usermanagement.service.impl,AccessRequestServiceImpl,205,15,6,0,36,1,15,1,12,1
User Management Service,com.usermanagement.service.impl,UserServiceImpl,18,141,2,4,1,26,5,8,3,7
User Management Service,com.usermanagement.service.impl,PermissionServiceImpl,164,9,8,0,28,1,14,1,10,1
User Management Service,com.userservice.management.model,User,117,0,0,0,14,0,24,0,24,0
User Management Service,com.userservice.management.model,User.UserStatus,27,0,0,0,5,0,1,0,1,0
User Management Service,com.userservice.management.model,User.UserBuilder,113,0,2,0,1,0,14,0,13,0
User Management Service,com.usermanagement.model.entity,Role,40,30,0,0,8,7,7,6,7,6
User Management Service,com.usermanagement.model.entity,User.UserStatus,0,27,0,0,0,5,0,1,0,1
User Management Service,com.usermanagement.model.entity,AuditLog,22,38,0,0,6,9,2,11,2,11
User Management Service,com.usermanagement.model.entity,User,0,74,0,0,0,13,0,19,0,19
User Management Service,com.usermanagement.model.entity,Permission,11,25,0,0,1,6,3,6,3,6
User Management Service,com.usermanagement.model.entity,AccessRequest,67,34,0,0,8,8,12,9,12,9
User Management Service,com.usermanagement.model.entity,AccessRequest.AccessRequestBuilder,86,0,0,0,1,0,11,0,11,0
User Management Service,com.usermanagement.model.entity,AccessRequest.Status,0,21,0,0,0,4,0,1,0,1
User Management Service,com.userservice.management.rbac.model,Role.RoleBuilder,38,58,1,3,0,1,5,7,4,6
User Management Service,com.userservice.management.rbac.model,Permission,45,32,0,0,7,3,12,4,12,4
User Management Service,com.userservice.management.rbac.model,Permission.PermissionBuilder,35,41,1,1,0,1,5,5,4,5
User Management Service,com.userservice.management.rbac.model,Role,64,52,0,0,10,7,12,9,12,9
User Management Service,com.userservice.management.rbac.dto,RoleDTO,191,31,38,0,2,6,29,6,10,6
User Management Service,com.userservice.management.rbac.dto,PermissionDTO.PermissionDTOBuilder,36,0,0,0,1,0,6,0,6,0
User Management Service,com.userservice.management.rbac.dto,RoleDTO.RoleDTOBuilder,13,43,1,1,0,1,2,6,1,6
User Management Service,com.userservice.management.rbac.dto,PermissionDTO,171,0,30,0,7,0,28,0,13,0
User Management Service,com.usermanagement.payment.factory,PaymentStrategyFactory,16,14,2,0,4,4,2,2,1,2
User Management Service,com.userservice.management.rbac.controller,RoleController,54,0,0,0,9,0,8,0,8,0
User Management Service,com.userservice.management.rbac.controller,PermissionController,40,0,0,0,7,0,6,0,6,0
User Management Service,com.usermanagement.controller,RoleController,106,31,0,0,24,7,9,3,9,3
User Management Service,com.usermanagement.controller,AuthController,0,58,0,0,0,11,0,2,0,2
User Management Service,com.usermanagement.controller,AuthController.JwtResponse,61,13,14,0,0,2,10,3,3,3
User Management Service,com.usermanagement.controller,AuditLogController,24,13,0,0,5,2,3,2,3,2
User Management Service,com.usermanagement.controller,UserController,0,17,0,0,0,3,0,2,0,2
User Management Service,com.usermanagement.controller,AuthController.LoginRequest,92,23,22,0,0,3,14,6,3,6
User Management Service,com.usermanagement.controller,PermissionController,37,13,0,0,7,2,5,2,5,2
User Management Service,com.usermanagement.controller,AccessRequestController,38,14,0,0,7,2,5,2,5,2
User Management Service,com.usermanagement.payment.strategy,DigitalWalletPaymentStrategy,41,9,0,0,11,3,3,3,3,3
User Management Service,com.usermanagement.payment.strategy,PayPalPaymentStrategy,41,9,0,0,11,3,3,3,3,3
User Management Service,com.usermanagement.payment.strategy,CryptoPaymentStrategy,41,9,0,0,11,3,3,3,3,3
User Management Service,com.usermanagement.payment.strategy,BankTransferPaymentStrategy,41,9,0,0,11,3,3,3,3,3
User Management Service,com.usermanagement.payment.strategy,CreditCardPaymentStrategy,41,9,0,0,11,3,3,3,3,3
User Management Service,com.usermanagement.mapper,RoleMapperImpl,58,3,4,0,19,1,4,1,2,1
User Management Service,com.usermanagement.mapper,AuditLogMapperImpl,73,3,10,0,25,1,8,1,3,1
User Management Service,com.usermanagement.mapper,UserMapperImpl,4,89,2,2,2,24,2,3,0,3
User Management Service,com.usermanagement.mapper,PermissionMapperImpl,44,3,4,0,14,1,4,1,2,1
User Management Service,com.usermanagement.mapper,AccessRequestMapperImpl,123,3,16,0,40,1,12,1,4,1
User Management Service,com.usermanagement.mapper,UserMapper,2,10,1,1,1,4,1,1,0,1
User Management Service,com.usermanagement.mapper,RoleMapper,12,0,2,0,5,0,2,0,1,0
User Management Service,com.usermanagement.exception,GlobalExceptionHandler,35,7,0,0,8,2,2,2,2,2
User Management Service,com.usermanagement.exception,ResourceNotFoundException,0,4,0,0,0,2,0,1,0,1
User Management Service,com.usermanagement.audit,AuditLoggingAspect,6,177,10,20,3,43,11,8,1,3
User Management Service,com.userservice.management.rbac.security,RBACSecurityAspect,95,0,8,0,23,0,8,0,4,0
