<?xml version="1.0" encoding="UTF-8"?>
<testsuite xmlns:xsi="http://www.w3.org/2001/XMLSchema-instance" xsi:noNamespaceSchemaLocation="https://maven.apache.org/surefire/maven-surefire-plugin/xsd/surefire-test-report-3.0.xsd" version="3.0" name="com.usermanagement.controller.UserControllerTest" time="8.028" tests="2" errors="0" skipped="0" failures="0">
  <properties>
[...]
</properties>
  <testcase name="createUser_Success" classname="com.usermanagement.controller.UserControllerTest" time="0.069">
    <system-out><![CDATA[2025-06-24T03:34:58.939+05:30  INFO 79853 --- [user-management-system] [           main] t.c.s.AnnotationConfigContextLoaderUtils : Could not detect default configuration classes for test class [com.usermanagement.controller.UserControllerTest]: UserControllerTest does not declare any static, non-private, non-final, nested classes annotated with @Configuration.
2025-06-24T03:34:58.997+05:30  INFO 79853 --- [user-management-system] [           main] .b.t.c.SpringBootTestContextBootstrapper : Found @SpringBootConfiguration com.usermanagement.UserManagementApplication for test class com.usermanagement.controller.UserControllerTest

  .   ____          _            __ _ _
 /\\ / ___'_ __ _ _(_)_ __  __ _ \ \ \ \
( ( )\___ | '_ | '_| | '_ \/ _` | \ \ \ \
 \\/  ___)| |_)| | | | | || (_| |  ) ) ) )
  '  |____| .__|_| |_|_| |_\__, | / / / /
 =========|_|==============|___/=/_/_/_/
 :: Spring Boot ::                (v3.2.5)

2025-06-24T03:34:59.132+05:30  INFO 79853 --- [user-management-system] [           main] c.u.controller.UserControllerTest        : Starting UserControllerTest using Java 21.0.7 with PID 79853 (started by dhanalakshmi in /home/dhanalakshmi/Documents/cursor/User_Management)
2025-06-24T03:34:59.132+05:30 DEBUG 79853 --- [user-management-system] [           main] c.u.controller.UserControllerTest        : Running with Spring Boot v3.2.5, Spring v6.1.6
2025-06-24T03:34:59.132+05:30  INFO 79853 --- [user-management-system] [           main] c.u.controller.UserControllerTest        : The following 1 profile is active: "test"
2025-06-24T03:35:00.169+05:30  INFO 79853 --- [user-management-system] [           main] .s.d.r.c.RepositoryConfigurationDelegate : Multiple Spring Data modules found, entering strict repository configuration mode
2025-06-24T03:35:00.170+05:30  INFO 79853 --- [user-management-system] [           main] .s.d.r.c.RepositoryConfigurationDelegate : Bootstrapping Spring Data JPA repositories in DEFAULT mode.
2025-06-24T03:35:00.214+05:30  INFO 79853 --- [user-management-system] [           main] .s.d.r.c.RepositoryConfigurationDelegate : Finished Spring Data repository scanning in 43 ms. Found 5 JPA repository interfaces.
2025-06-24T03:35:00.224+05:30  INFO 79853 --- [user-management-system] [           main] .s.d.r.c.RepositoryConfigurationDelegate : Multiple Spring Data modules found, entering strict repository configuration mode
2025-06-24T03:35:00.224+05:30  INFO 79853 --- [user-management-system] [           main] .s.d.r.c.RepositoryConfigurationDelegate : Bootstrapping Spring Data Redis repositories in DEFAULT mode.
2025-06-24T03:35:00.236+05:30  INFO 79853 --- [user-management-system] [           main] .RepositoryConfigurationExtensionSupport : Spring Data Redis - Could not safely identify store assignment for repository candidate interface com.usermanagement.repository.AccessRequestRepository; If you want this repository to be a Redis repository, consider annotating your entities with one of these annotations: org.springframework.data.redis.core.RedisHash (preferred), or consider extending one of the following types with your repository: org.springframework.data.keyvalue.repository.KeyValueRepository
2025-06-24T03:35:00.237+05:30  INFO 79853 --- [user-management-system] [           main] .RepositoryConfigurationExtensionSupport : Spring Data Redis - Could not safely identify store assignment for repository candidate interface com.usermanagement.repository.AuditLogRepository; If you want this repository to be a Redis repository, consider annotating your entities with one of these annotations: org.springframework.data.redis.core.RedisHash (preferred), or consider extending one of the following types with your repository: org.springframework.data.keyvalue.repository.KeyValueRepository
2025-06-24T03:35:00.238+05:30  INFO 79853 --- [user-management-system] [           main] .RepositoryConfigurationExtensionSupport : Spring Data Redis - Could not safely identify store assignment for repository candidate interface com.usermanagement.repository.PermissionRepository; If you want this repository to be a Redis repository, consider annotating your entities with one of these annotations: org.springframework.data.redis.core.RedisHash (preferred), or consider extending one of the following types with your repository: org.springframework.data.keyvalue.repository.KeyValueRepository
2025-06-24T03:35:00.238+05:30  INFO 79853 --- [user-management-system] [           main] .RepositoryConfigurationExtensionSupport : Spring Data Redis - Could not safely identify store assignment for repository candidate interface com.usermanagement.repository.RoleRepository; If you want this repository to be a Redis repository, consider annotating your entities with one of these annotations: org.springframework.data.redis.core.RedisHash (preferred), or consider extending one of the following types with your repository: org.springframework.data.keyvalue.repository.KeyValueRepository
2025-06-24T03:35:00.238+05:30  INFO 79853 --- [user-management-system] [           main] .RepositoryConfigurationExtensionSupport : Spring Data Redis - Could not safely identify store assignment for repository candidate interface com.usermanagement.repository.UserRepository; If you want this repository to be a Redis repository, consider annotating your entities with one of these annotations: org.springframework.data.redis.core.RedisHash (preferred), or consider extending one of the following types with your repository: org.springframework.data.keyvalue.repository.KeyValueRepository
2025-06-24T03:35:00.238+05:30  INFO 79853 --- [user-management-system] [           main] .s.d.r.c.RepositoryConfigurationDelegate : Finished Spring Data repository scanning in 13 ms. Found 0 Redis repository interfaces.
2025-06-24T03:35:01.979+05:30  INFO 79853 --- [user-management-system] [           main] o.s.b.w.embedded.tomcat.TomcatWebServer  : Tomcat initialized with port 0 (http)
2025-06-24T03:35:02.023+05:30  INFO 79853 --- [user-management-system] [           main] o.apache.catalina.core.StandardService   : Starting service [Tomcat]
2025-06-24T03:35:02.024+05:30  INFO 79853 --- [user-management-system] [           main] o.apache.catalina.core.StandardEngine    : Starting Servlet engine: [Apache Tomcat/10.1.20]
2025-06-24T03:35:02.232+05:30  INFO 79853 --- [user-management-system] [           main] o.a.c.c.C.[Tomcat].[localhost].[/]       : Initializing Spring embedded WebApplicationContext
2025-06-24T03:35:02.232+05:30  INFO 79853 --- [user-management-system] [           main] w.s.c.ServletWebServerApplicationContext : Root WebApplicationContext: initialization completed in 3096 ms
2025-06-24T03:35:02.670+05:30 DEBUG 79853 --- [user-management-system] [           main] o.s.w.f.ServerHttpObservationFilter      : Filter 'webMvcObservationFilter' configured for use
2025-06-24T03:35:02.854+05:30  INFO 79853 --- [user-management-system] [           main] o.hibernate.jpa.internal.util.LogHelper  : HHH000204: Processing PersistenceUnitInfo [name: default]
2025-06-24T03:35:02.860+05:30  INFO 79853 --- [user-management-system] [           main] o.h.c.internal.RegionFactoryInitiator    : HHH000026: Second-level cache disabled
2025-06-24T03:35:02.866+05:30  INFO 79853 --- [user-management-system] [           main] o.s.o.j.p.SpringPersistenceUnitInfo      : No LoadTimeWeaver setup: ignoring JPA class transformer
2025-06-24T03:35:02.871+05:30  INFO 79853 --- [user-management-system] [           main] com.zaxxer.hikari.HikariDataSource       : HikariCP - Starting...
2025-06-24T03:35:02.926+05:30  INFO 79853 --- [user-management-system] [           main] com.zaxxer.hikari.pool.HikariPool        : HikariCP - Added connection org.postgresql.jdbc.PgConnection@4e334131
2025-06-24T03:35:02.928+05:30  INFO 79853 --- [user-management-system] [           main] com.zaxxer.hikari.HikariDataSource       : HikariCP - Start completed.
2025-06-24T03:35:02.935+05:30  WARN 79853 --- [user-management-system] [           main] org.hibernate.orm.deprecation            : HHH90000025: PostgreSQLDialect does not need to be specified explicitly using 'hibernate.dialect' (remove the property setting and it will be selected by default)
2025-06-24T03:35:02.940+05:30 DEBUG 79853 --- [user-management-system] [           main] o.h.t.d.sql.spi.DdlTypeRegistry          : addDescriptor(2003, org.hibernate.type.descriptor.sql.internal.ArrayDdlTypeImpl@1a924240) replaced previous registration(org.hibernate.type.descriptor.sql.internal.ArrayDdlTypeImpl@d298397)
2025-06-24T03:35:02.941+05:30 DEBUG 79853 --- [user-management-system] [           main] o.h.t.d.sql.spi.DdlTypeRegistry          : addDescriptor(6, org.hibernate.type.descriptor.sql.internal.CapacityDependentDdlType@7d6eb577) replaced previous registration(org.hibernate.type.descriptor.sql.internal.DdlTypeImpl@2e86dd15)
2025-06-24T03:35:03.295+05:30  INFO 79853 --- [user-management-system] [           main] o.h.e.t.j.p.i.JtaPlatformInitiator       : HHH000489: No JTA platform available (set 'hibernate.transaction.jta.platform' to enable JTA platform integration)
2025-06-24T03:35:03.296+05:30 DEBUG 79853 --- [user-management-system] [           main] org.hibernate.SQL                        : 
    alter table if exists access_requests 
       drop constraint if exists FKjk1j0bblp8hyldvpaxy4jryl5
2025-06-24T03:35:03.310+05:30 DEBUG 79853 --- [user-management-system] [           main] org.hibernate.SQL                        : 
    alter table if exists access_requests 
       drop constraint if exists FK4gme3c7759k26wocny0tbd1ix
2025-06-24T03:35:03.316+05:30 DEBUG 79853 --- [user-management-system] [           main] org.hibernate.SQL                        : 
    alter table if exists audit_logs 
       drop constraint if exists FKjs4iimve3y0xssbtve5ysyef0
2025-06-24T03:35:03.323+05:30 DEBUG 79853 --- [user-management-system] [           main] org.hibernate.SQL                        : 
    alter table if exists role_permissions 
       drop constraint if exists FKegdk29eiy7mdtefy5c7eirr6e
2025-06-24T03:35:03.328+05:30 DEBUG 79853 --- [user-management-system] [           main] org.hibernate.SQL                        : 
    alter table if exists role_permissions 
       drop constraint if exists FKn5fotdgk8d1xvo8nav9uv3muc
2025-06-24T03:35:03.332+05:30 DEBUG 79853 --- [user-management-system] [           main] org.hibernate.SQL                        : 
    alter table if exists user_roles 
       drop constraint if exists FKh8ciramu9cc9q3qcqiv4ue8a6
2025-06-24T03:35:03.340+05:30 DEBUG 79853 --- [user-management-system] [           main] org.hibernate.SQL                        : 
    alter table if exists user_roles 
       drop constraint if exists FKhfh9dx7w3ubf1co1vdev94g3f
2025-06-24T03:35:03.345+05:30 DEBUG 79853 --- [user-management-system] [           main] org.hibernate.SQL                        : 
    drop table if exists access_requests cascade
2025-06-24T03:35:03.352+05:30 DEBUG 79853 --- [user-management-system] [           main] org.hibernate.SQL                        : 
    drop table if exists audit_logs cascade
2025-06-24T03:35:03.358+05:30 DEBUG 79853 --- [user-management-system] [           main] org.hibernate.SQL                        : 
    drop table if exists permissions cascade
2025-06-24T03:35:03.364+05:30 DEBUG 79853 --- [user-management-system] [           main] org.hibernate.SQL                        : 
    drop table if exists role_permissions cascade
2025-06-24T03:35:03.370+05:30 DEBUG 79853 --- [user-management-system] [           main] org.hibernate.SQL                        : 
    drop table if exists roles cascade
2025-06-24T03:35:03.377+05:30 DEBUG 79853 --- [user-management-system] [           main] org.hibernate.SQL                        : 
    drop table if exists user_roles cascade
2025-06-24T03:35:03.382+05:30 DEBUG 79853 --- [user-management-system] [           main] org.hibernate.SQL                        : 
    drop table if exists users cascade
2025-06-24T03:35:03.389+05:30 DEBUG 79853 --- [user-management-system] [           main] org.hibernate.SQL                        : 
    create table access_requests (
        created_at timestamp(6) not null,
        id bigserial not null,
        role_id bigint not null,
        updated_at timestamp(6) not null,
        user_id bigint not null,
        reason varchar(255),
        response_message varchar(255),
        status varchar(255) not null check (status in ('PENDING','APPROVED','REJECTED')),
        primary key (id)
    )
2025-06-24T03:35:03.407+05:30 DEBUG 79853 --- [user-management-system] [           main] org.hibernate.SQL                        : 
    create table audit_logs (
        id bigserial not null,
        timestamp TIMESTAMP WITHOUT TIME ZONE not null,
        user_id bigint not null,
        action varchar(255) not null,
        details TEXT,
        primary key (id)
    )
2025-06-24T03:35:03.422+05:30 DEBUG 79853 --- [user-management-system] [           main] org.hibernate.SQL                        : 
    create table permissions (
        id bigserial not null,
        description varchar(255),
        name varchar(255) not null unique,
        primary key (id)
    )
2025-06-24T03:35:03.443+05:30 DEBUG 79853 --- [user-management-system] [           main] org.hibernate.SQL                        : 
    create table role_permissions (
        permission_id bigint not null,
        role_id bigint not null,
        primary key (permission_id, role_id)
    )
2025-06-24T03:35:03.453+05:30 DEBUG 79853 --- [user-management-system] [           main] org.hibernate.SQL                        : 
    create table roles (
        id bigserial not null,
        description varchar(255),
        name varchar(255) not null unique,
        primary key (id)
    )
2025-06-24T03:35:03.475+05:30 DEBUG 79853 --- [user-management-system] [           main] org.hibernate.SQL                        : 
    create table user_roles (
        role_id bigint not null,
        user_id bigint not null,
        primary key (role_id, user_id)
    )
2025-06-24T03:35:03.487+05:30 DEBUG 79853 --- [user-management-system] [           main] org.hibernate.SQL                        : 
    create table users (
        created_at timestamp(6) not null,
        id bigserial not null,
        last_login timestamp(6),
        updated_at timestamp(6) not null,
        email varchar(255) not null unique,
        name varchar(255) not null,
        password varchar(255) not null,
        status varchar(255) not null check (status in ('ACTIVE','INACTIVE','SUSPENDED','DELETED')),
        primary key (id)
    )
2025-06-24T03:35:03.507+05:30 DEBUG 79853 --- [user-management-system] [           main] org.hibernate.SQL                        : 
    alter table if exists access_requests 
       add constraint FKjk1j0bblp8hyldvpaxy4jryl5 
       foreign key (role_id) 
       references roles
2025-06-24T03:35:03.513+05:30 DEBUG 79853 --- [user-management-system] [           main] org.hibernate.SQL                        : 
    alter table if exists access_requests 
       add constraint FK4gme3c7759k26wocny0tbd1ix 
       foreign key (user_id) 
       references users
2025-06-24T03:35:03.519+05:30 DEBUG 79853 --- [user-management-system] [           main] org.hibernate.SQL                        : 
    alter table if exists audit_logs 
       add constraint FKjs4iimve3y0xssbtve5ysyef0 
       foreign key (user_id) 
       references users
2025-06-24T03:35:03.526+05:30 DEBUG 79853 --- [user-management-system] [           main] org.hibernate.SQL                        : 
    alter table if exists role_permissions 
       add constraint FKegdk29eiy7mdtefy5c7eirr6e 
       foreign key (permission_id) 
       references permissions
2025-06-24T03:35:03.532+05:30 DEBUG 79853 --- [user-management-system] [           main] org.hibernate.SQL                        : 
    alter table if exists role_permissions 
       add constraint FKn5fotdgk8d1xvo8nav9uv3muc 
       foreign key (role_id) 
       references roles
2025-06-24T03:35:03.538+05:30 DEBUG 79853 --- [user-management-system] [           main] org.hibernate.SQL                        : 
    alter table if exists user_roles 
       add constraint FKh8ciramu9cc9q3qcqiv4ue8a6 
       foreign key (role_id) 
       references roles
2025-06-24T03:35:03.543+05:30 DEBUG 79853 --- [user-management-system] [           main] org.hibernate.SQL                        : 
    alter table if exists user_roles 
       add constraint FKhfh9dx7w3ubf1co1vdev94g3f 
       foreign key (user_id) 
       references users
2025-06-24T03:35:03.549+05:30  INFO 79853 --- [user-management-system] [           main] j.LocalContainerEntityManagerFactoryBean : Initialized JPA EntityManagerFactory for persistence unit 'default'
2025-06-24T03:35:04.735+05:30  INFO 79853 --- [user-management-system] [           main] o.s.b.a.e.web.EndpointLinksResolver      : Exposing 3 endpoint(s) beneath base path '/actuator'
2025-06-24T03:35:04.884+05:30 TRACE 79853 --- [user-management-system] [           main] eGlobalAuthenticationAutowiredConfigurer : Eagerly initializing {org.springframework.boot.autoconfigure.security.servlet.SpringBootWebSecurityConfiguration$WebSecurityEnablerConfiguration=org.springframework.boot.autoconfigure.security.servlet.SpringBootWebSecurityConfiguration$WebSecurityEnablerConfiguration@2ae058c8}
[DEBUG] PasswordEncoder bean created: class org.springframework.security.crypto.bcrypt.BCryptPasswordEncoder
2025-06-24T03:35:05.260+05:30 DEBUG 79853 --- [user-management-system] [           main] s.w.s.m.m.a.RequestMappingHandlerMapping : 32 mappings in 'requestMappingHandlerMapping'
2025-06-24T03:35:05.504+05:30 DEBUG 79853 --- [user-management-system] [           main] o.s.w.s.handler.SimpleUrlHandlerMapping  : Patterns [/webjars/**, /**, /swagger-ui*/*swagger-initializer.js, /swagger-ui*/**] in 'resourceHandlerMapping'
2025-06-24T03:35:05.596+05:30  INFO 79853 --- [user-management-system] [           main] o.s.s.web.DefaultSecurityFilterChain     : Will secure any request with [org.springframework.security.web.session.DisableEncodeUrlFilter@7b584407, org.springframework.security.web.context.request.async.WebAsyncManagerIntegrationFilter@5868cf79, org.springframework.security.web.context.SecurityContextHolderFilter@6fafa145, org.springframework.security.web.header.HeaderWriterFilter@54ccc430, org.springframework.web.filter.CorsFilter@43554721, org.springframework.security.web.authentication.logout.LogoutFilter@5de5d643, jwtAuthenticationFilter bean, org.springframework.security.web.savedrequest.RequestCacheAwareFilter@434f2be6, org.springframework.security.web.servletapi.SecurityContextHolderAwareRequestFilter@1aa27790, org.springframework.security.web.authentication.AnonymousAuthenticationFilter@67176408, org.springframework.security.web.session.SessionManagementFilter@6fd8e990, org.springframework.security.web.access.ExceptionTranslationFilter@58f7b869, org.springframework.security.web.access.intercept.AuthorizationFilter@5f2f8782]
2025-06-24T03:35:05.767+05:30 DEBUG 79853 --- [user-management-system] [           main] s.w.s.m.m.a.RequestMappingHandlerAdapter : ControllerAdvice beans: 0 @ModelAttribute, 0 @InitBinder, 1 RequestBodyAdvice, 1 ResponseBodyAdvice
2025-06-24T03:35:05.795+05:30 DEBUG 79853 --- [user-management-system] [           main] .m.m.a.ExceptionHandlerExceptionResolver : ControllerAdvice beans: 2 @ExceptionHandler, 1 ResponseBodyAdvice
2025-06-24T03:35:06.652+05:30 DEBUG 79853 --- [user-management-system] [           main] o.s.w.f.ServerHttpObservationFilter      : Filter 'webMvcObservationFilter' configured for use
2025-06-24T03:35:06.654+05:30  INFO 79853 --- [user-management-system] [           main] o.a.c.c.C.[Tomcat].[localhost].[/]       : Initializing Spring TestDispatcherServlet ''
2025-06-24T03:35:06.654+05:30  INFO 79853 --- [user-management-system] [           main] o.s.t.web.servlet.TestDispatcherServlet  : Initializing Servlet ''
2025-06-24T03:35:06.660+05:30  INFO 79853 --- [user-management-system] [           main] o.s.t.web.servlet.TestDispatcherServlet  : Completed initialization in 5 ms
2025-06-24T03:35:06.815+05:30  INFO 79853 --- [user-management-system] [           main] o.s.b.w.embedded.tomcat.TomcatWebServer  : Tomcat started on port 33925 (http) with context path ''
2025-06-24T03:35:06.848+05:30  INFO 79853 --- [user-management-system] [           main] c.u.controller.UserControllerTest        : Started UserControllerTest in 7.841 seconds (process running for 45.125)
2025-06-24T03:35:06.906+05:30 TRACE 79853 --- [user-management-system] [           main] .s.s.w.c.SupplierDeferredSecurityContext : Created SecurityContextImpl [Null authentication]
2025-06-24T03:35:06.909+05:30 TRACE 79853 --- [user-management-system] [           main] o.s.security.web.FilterChainProxy        : Trying to match request against DefaultSecurityFilterChain [RequestMatcher=any request, Filters=[org.springframework.security.web.session.DisableEncodeUrlFilter@7b584407, org.springframework.security.web.context.request.async.WebAsyncManagerIntegrationFilter@5868cf79, org.springframework.security.web.context.SecurityContextHolderFilter@6fafa145, org.springframework.security.web.header.HeaderWriterFilter@54ccc430, org.springframework.web.filter.CorsFilter@43554721, org.springframework.security.web.authentication.logout.LogoutFilter@5de5d643, jwtAuthenticationFilter bean, org.springframework.security.web.savedrequest.RequestCacheAwareFilter@434f2be6, org.springframework.security.web.servletapi.SecurityContextHolderAwareRequestFilter@1aa27790, org.springframework.security.web.authentication.AnonymousAuthenticationFilter@67176408, org.springframework.security.web.session.SessionManagementFilter@6fd8e990, org.springframework.security.web.access.ExceptionTranslationFilter@58f7b869, org.springframework.security.web.access.intercept.AuthorizationFilter@5f2f8782]] (1/1)
2025-06-24T03:35:06.909+05:30 DEBUG 79853 --- [user-management-system] [           main] o.s.security.web.FilterChainProxy        : Securing POST /api/users
2025-06-24T03:35:06.909+05:30 TRACE 79853 --- [user-management-system] [           main] o.s.security.web.FilterChainProxy        : Invoking DisableEncodeUrlFilter (1/13)
2025-06-24T03:35:06.910+05:30 TRACE 79853 --- [user-management-system] [           main] o.s.security.web.FilterChainProxy        : Invoking WebAsyncManagerIntegrationFilter (2/13)
2025-06-24T03:35:06.910+05:30 TRACE 79853 --- [user-management-system] [           main] o.s.security.web.FilterChainProxy        : Invoking SecurityContextHolderFilter (3/13)
2025-06-24T03:35:06.911+05:30 TRACE 79853 --- [user-management-system] [           main] o.s.security.web.FilterChainProxy        : Invoking HeaderWriterFilter (4/13)
2025-06-24T03:35:06.911+05:30 TRACE 79853 --- [user-management-system] [           main] o.s.security.web.FilterChainProxy        : Invoking CorsFilter (5/13)
2025-06-24T03:35:06.911+05:30 TRACE 79853 --- [user-management-system] [           main] o.s.security.web.FilterChainProxy        : Invoking LogoutFilter (6/13)
2025-06-24T03:35:06.911+05:30 TRACE 79853 --- [user-management-system] [           main] o.s.s.w.a.logout.LogoutFilter            : Did not match request to Or [Ant [pattern='/logout', GET], Ant [pattern='/logout', POST], Ant [pattern='/logout', PUT], Ant [pattern='/logout', DELETE]]
2025-06-24T03:35:06.911+05:30 TRACE 79853 --- [user-management-system] [           main] o.s.security.web.FilterChainProxy        : Invoking JwtAuthenticationFilter (7/13)
2025-06-24T03:35:06.913+05:30 TRACE 79853 --- [user-management-system] [           main] o.s.s.w.header.writers.HstsHeaderWriter  : Not injecting HSTS header since it did not match request to [Is Secure]

MockHttpServletRequest:
      HTTP Method = POST
      Request URI = /api/users
       Parameters = {}
          Headers = [Content-Type:"application/json;charset=UTF-8", Content-Length:"161"]
             Body = {"id":null,"name":"Test User","email":"test@example.com","password":"password","status":null,"lastLogin":null,"createdAt":null,"updatedAt":null,"roleNames":null}
    Session Attrs = {}

Handler:
             Type = null

Async:
    Async started = false
     Async result = null

Resolved Exception:
             Type = null

ModelAndView:
        View name = null
             View = null
            Model = null

FlashMap:
       Attributes = null

MockHttpServletResponse:
           Status = 200
    Error message = null
          Headers = [Vary:"Origin", "Access-Control-Request-Method", "Access-Control-Request-Headers", X-Content-Type-Options:"nosniff", X-XSS-Protection:"0", Cache-Control:"no-cache, no-store, max-age=0, must-revalidate", Pragma:"no-cache", Expires:"0", X-Frame-Options:"DENY"]
     Content type = null
             Body = 
    Forwarded URL = null
   Redirected URL = null
          Cookies = []
]]></system-out>
  </testcase>
  <testcase name="printUserControllerBeans" classname="com.usermanagement.controller.UserControllerTest" time="0.014">
    <system-out><![CDATA[UserController beans: [userController]
]]></system-out>
  </testcase>
</testsuite>