<?xml version="1.0" encoding="UTF-8"?>
<testsuite xmlns:xsi="http://www.w3.org/2001/XMLSchema-instance" xsi:noNamespaceSchemaLocation="https://maven.apache.org/surefire/maven-surefire-plugin/xsd/surefire-test-report-3.0.xsd" version="3.0" name="com.usermanagement.integration.AuthIntegrationTest" time="21.262" tests="2" errors="0" skipped="0" failures="0">
  <properties>
[...]
</properties>
  <testcase name="login_Success" classname="com.usermanagement.integration.AuthIntegrationTest" time="1.541">
    <system-out><![CDATA[03:34:31.499 [main] INFO org.springframework.test.context.support.AnnotationConfigContextLoaderUtils -- Could not detect default configuration classes for test class [com.usermanagement.integration.AuthIntegrationTest]: AuthIntegrationTest does not declare any static, non-private, non-final, nested classes annotated with @Configuration.
03:34:31.804 [main] INFO org.springframework.boot.test.context.SpringBootTestContextBootstrapper -- Found @SpringBootConfiguration com.usermanagement.UserManagementApplication for test class com.usermanagement.integration.AuthIntegrationTest

  .   ____          _            __ _ _
 /\\ / ___'_ __ _ _(_)_ __  __ _ \ \ \ \
( ( )\___ | '_ | '_| | '_ \/ _` | \ \ \ \
 \\/  ___)| |_)| | | | | || (_| |  ) ) ) )
  '  |____| .__|_| |_|_| |_\__, | / / / /
 =========|_|==============|___/=/_/_/_/
 :: Spring Boot ::                (v3.2.5)

2025-06-24T03:34:33.061+05:30  INFO 79853 --- [user-management-system] [           main] c.u.integration.AuthIntegrationTest      : Starting AuthIntegrationTest using Java 21.0.7 with PID 79853 (started by dhanalakshmi in /home/dhanalakshmi/Documents/cursor/User_Management)
2025-06-24T03:34:33.063+05:30 DEBUG 79853 --- [user-management-system] [           main] c.u.integration.AuthIntegrationTest      : Running with Spring Boot v3.2.5, Spring v6.1.6
2025-06-24T03:34:33.065+05:30  INFO 79853 --- [user-management-system] [           main] c.u.integration.AuthIntegrationTest      : The following 1 profile is active: "test"
2025-06-24T03:34:33.107+05:30 DEBUG 79853 --- [user-management-system] [           main] o.s.w.c.s.GenericWebApplicationContext   : Refreshing org.springframework.web.context.support.GenericWebApplicationContext@11ad327f
2025-06-24T03:34:35.652+05:30  INFO 79853 --- [user-management-system] [           main] .s.d.r.c.RepositoryConfigurationDelegate : Multiple Spring Data modules found, entering strict repository configuration mode
2025-06-24T03:34:35.655+05:30  INFO 79853 --- [user-management-system] [           main] .s.d.r.c.RepositoryConfigurationDelegate : Bootstrapping Spring Data JPA repositories in DEFAULT mode.
2025-06-24T03:34:35.960+05:30  INFO 79853 --- [user-management-system] [           main] .s.d.r.c.RepositoryConfigurationDelegate : Finished Spring Data repository scanning in 293 ms. Found 5 JPA repository interfaces.
2025-06-24T03:34:35.983+05:30  INFO 79853 --- [user-management-system] [           main] .s.d.r.c.RepositoryConfigurationDelegate : Multiple Spring Data modules found, entering strict repository configuration mode
2025-06-24T03:34:35.986+05:30  INFO 79853 --- [user-management-system] [           main] .s.d.r.c.RepositoryConfigurationDelegate : Bootstrapping Spring Data Redis repositories in DEFAULT mode.
2025-06-24T03:34:36.015+05:30  INFO 79853 --- [user-management-system] [           main] .RepositoryConfigurationExtensionSupport : Spring Data Redis - Could not safely identify store assignment for repository candidate interface com.usermanagement.repository.AccessRequestRepository; If you want this repository to be a Redis repository, consider annotating your entities with one of these annotations: org.springframework.data.redis.core.RedisHash (preferred), or consider extending one of the following types with your repository: org.springframework.data.keyvalue.repository.KeyValueRepository
2025-06-24T03:34:36.017+05:30  INFO 79853 --- [user-management-system] [           main] .RepositoryConfigurationExtensionSupport : Spring Data Redis - Could not safely identify store assignment for repository candidate interface com.usermanagement.repository.AuditLogRepository; If you want this repository to be a Redis repository, consider annotating your entities with one of these annotations: org.springframework.data.redis.core.RedisHash (preferred), or consider extending one of the following types with your repository: org.springframework.data.keyvalue.repository.KeyValueRepository
2025-06-24T03:34:36.017+05:30  INFO 79853 --- [user-management-system] [           main] .RepositoryConfigurationExtensionSupport : Spring Data Redis - Could not safely identify store assignment for repository candidate interface com.usermanagement.repository.PermissionRepository; If you want this repository to be a Redis repository, consider annotating your entities with one of these annotations: org.springframework.data.redis.core.RedisHash (preferred), or consider extending one of the following types with your repository: org.springframework.data.keyvalue.repository.KeyValueRepository
2025-06-24T03:34:36.017+05:30  INFO 79853 --- [user-management-system] [           main] .RepositoryConfigurationExtensionSupport : Spring Data Redis - Could not safely identify store assignment for repository candidate interface com.usermanagement.repository.RoleRepository; If you want this repository to be a Redis repository, consider annotating your entities with one of these annotations: org.springframework.data.redis.core.RedisHash (preferred), or consider extending one of the following types with your repository: org.springframework.data.keyvalue.repository.KeyValueRepository
2025-06-24T03:34:36.017+05:30  INFO 79853 --- [user-management-system] [           main] .RepositoryConfigurationExtensionSupport : Spring Data Redis - Could not safely identify store assignment for repository candidate interface com.usermanagement.repository.UserRepository; If you want this repository to be a Redis repository, consider annotating your entities with one of these annotations: org.springframework.data.redis.core.RedisHash (preferred), or consider extending one of the following types with your repository: org.springframework.data.keyvalue.repository.KeyValueRepository
2025-06-24T03:34:36.018+05:30  INFO 79853 --- [user-management-system] [           main] .s.d.r.c.RepositoryConfigurationDelegate : Finished Spring Data repository scanning in 13 ms. Found 0 Redis repository interfaces.
2025-06-24T03:34:38.200+05:30  INFO 79853 --- [user-management-system] [           main] o.hibernate.jpa.internal.util.LogHelper  : HHH000204: Processing PersistenceUnitInfo [name: default]
2025-06-24T03:34:38.341+05:30  INFO 79853 --- [user-management-system] [           main] org.hibernate.Version                    : HHH000412: Hibernate ORM core version 6.4.4.Final
2025-06-24T03:34:38.415+05:30  INFO 79853 --- [user-management-system] [           main] o.h.c.internal.RegionFactoryInitiator    : HHH000026: Second-level cache disabled
2025-06-24T03:34:38.661+05:30  INFO 79853 --- [user-management-system] [           main] o.s.o.j.p.SpringPersistenceUnitInfo      : No LoadTimeWeaver setup: ignoring JPA class transformer
2025-06-24T03:34:38.734+05:30  INFO 79853 --- [user-management-system] [           main] com.zaxxer.hikari.HikariDataSource       : HikariCP - Starting...
2025-06-24T03:34:39.517+05:30  INFO 79853 --- [user-management-system] [           main] com.zaxxer.hikari.pool.HikariPool        : HikariCP - Added connection org.postgresql.jdbc.PgConnection@4d2f5474
2025-06-24T03:34:39.520+05:30  INFO 79853 --- [user-management-system] [           main] com.zaxxer.hikari.HikariDataSource       : HikariCP - Start completed.
2025-06-24T03:34:39.635+05:30  WARN 79853 --- [user-management-system] [           main] org.hibernate.orm.deprecation            : HHH90000025: PostgreSQLDialect does not need to be specified explicitly using 'hibernate.dialect' (remove the property setting and it will be selected by default)
2025-06-24T03:34:39.728+05:30 DEBUG 79853 --- [user-management-system] [           main] o.h.t.d.sql.spi.DdlTypeRegistry          : addDescriptor(2003, org.hibernate.type.descriptor.sql.internal.ArrayDdlTypeImpl@5d34e3b3) replaced previous registration(org.hibernate.type.descriptor.sql.internal.ArrayDdlTypeImpl@247f60a3)
2025-06-24T03:34:39.728+05:30 DEBUG 79853 --- [user-management-system] [           main] o.h.t.d.sql.spi.DdlTypeRegistry          : addDescriptor(6, org.hibernate.type.descriptor.sql.internal.CapacityDependentDdlType@151b7c03) replaced previous registration(org.hibernate.type.descriptor.sql.internal.DdlTypeImpl@14a28980)
2025-06-24T03:34:42.187+05:30  INFO 79853 --- [user-management-system] [           main] o.h.e.t.j.p.i.JtaPlatformInitiator       : HHH000489: No JTA platform available (set 'hibernate.transaction.jta.platform' to enable JTA platform integration)
2025-06-24T03:34:42.212+05:30 DEBUG 79853 --- [user-management-system] [           main] org.hibernate.SQL                        : 
    alter table if exists access_requests 
       drop constraint if exists FKjk1j0bblp8hyldvpaxy4jryl5
2025-06-24T03:34:42.220+05:30  WARN 79853 --- [user-management-system] [           main] o.h.engine.jdbc.spi.SqlExceptionHelper   : SQL Warning Code: 0, SQLState: 00000
2025-06-24T03:34:42.220+05:30  WARN 79853 --- [user-management-system] [           main] o.h.engine.jdbc.spi.SqlExceptionHelper   : relation "access_requests" does not exist, skipping
2025-06-24T03:34:42.220+05:30 DEBUG 79853 --- [user-management-system] [           main] org.hibernate.SQL                        : 
    alter table if exists access_requests 
       drop constraint if exists FK4gme3c7759k26wocny0tbd1ix
2025-06-24T03:34:42.222+05:30  WARN 79853 --- [user-management-system] [           main] o.h.engine.jdbc.spi.SqlExceptionHelper   : SQL Warning Code: 0, SQLState: 00000
2025-06-24T03:34:42.222+05:30  WARN 79853 --- [user-management-system] [           main] o.h.engine.jdbc.spi.SqlExceptionHelper   : relation "access_requests" does not exist, skipping
2025-06-24T03:34:42.222+05:30 DEBUG 79853 --- [user-management-system] [           main] org.hibernate.SQL                        : 
    alter table if exists audit_logs 
       drop constraint if exists FKjs4iimve3y0xssbtve5ysyef0
2025-06-24T03:34:42.223+05:30  WARN 79853 --- [user-management-system] [           main] o.h.engine.jdbc.spi.SqlExceptionHelper   : SQL Warning Code: 0, SQLState: 00000
2025-06-24T03:34:42.224+05:30  WARN 79853 --- [user-management-system] [           main] o.h.engine.jdbc.spi.SqlExceptionHelper   : relation "audit_logs" does not exist, skipping
2025-06-24T03:34:42.224+05:30 DEBUG 79853 --- [user-management-system] [           main] org.hibernate.SQL                        : 
    alter table if exists role_permissions 
       drop constraint if exists FKegdk29eiy7mdtefy5c7eirr6e
2025-06-24T03:34:42.225+05:30  WARN 79853 --- [user-management-system] [           main] o.h.engine.jdbc.spi.SqlExceptionHelper   : SQL Warning Code: 0, SQLState: 00000
2025-06-24T03:34:42.225+05:30  WARN 79853 --- [user-management-system] [           main] o.h.engine.jdbc.spi.SqlExceptionHelper   : relation "role_permissions" does not exist, skipping
2025-06-24T03:34:42.225+05:30 DEBUG 79853 --- [user-management-system] [           main] org.hibernate.SQL                        : 
    alter table if exists role_permissions 
       drop constraint if exists FKn5fotdgk8d1xvo8nav9uv3muc
2025-06-24T03:34:42.227+05:30  WARN 79853 --- [user-management-system] [           main] o.h.engine.jdbc.spi.SqlExceptionHelper   : SQL Warning Code: 0, SQLState: 00000
2025-06-24T03:34:42.227+05:30  WARN 79853 --- [user-management-system] [           main] o.h.engine.jdbc.spi.SqlExceptionHelper   : relation "role_permissions" does not exist, skipping
2025-06-24T03:34:42.227+05:30 DEBUG 79853 --- [user-management-system] [           main] org.hibernate.SQL                        : 
    alter table if exists user_roles 
       drop constraint if exists FKh8ciramu9cc9q3qcqiv4ue8a6
2025-06-24T03:34:42.228+05:30  WARN 79853 --- [user-management-system] [           main] o.h.engine.jdbc.spi.SqlExceptionHelper   : SQL Warning Code: 0, SQLState: 00000
2025-06-24T03:34:42.228+05:30  WARN 79853 --- [user-management-system] [           main] o.h.engine.jdbc.spi.SqlExceptionHelper   : relation "user_roles" does not exist, skipping
2025-06-24T03:34:42.229+05:30 DEBUG 79853 --- [user-management-system] [           main] org.hibernate.SQL                        : 
    alter table if exists user_roles 
       drop constraint if exists FKhfh9dx7w3ubf1co1vdev94g3f
2025-06-24T03:34:42.230+05:30  WARN 79853 --- [user-management-system] [           main] o.h.engine.jdbc.spi.SqlExceptionHelper   : SQL Warning Code: 0, SQLState: 00000
2025-06-24T03:34:42.230+05:30  WARN 79853 --- [user-management-system] [           main] o.h.engine.jdbc.spi.SqlExceptionHelper   : relation "user_roles" does not exist, skipping
2025-06-24T03:34:42.230+05:30 DEBUG 79853 --- [user-management-system] [           main] org.hibernate.SQL                        : 
    drop table if exists access_requests cascade
2025-06-24T03:34:42.232+05:30  WARN 79853 --- [user-management-system] [           main] o.h.engine.jdbc.spi.SqlExceptionHelper   : SQL Warning Code: 0, SQLState: 00000
2025-06-24T03:34:42.232+05:30  WARN 79853 --- [user-management-system] [           main] o.h.engine.jdbc.spi.SqlExceptionHelper   : table "access_requests" does not exist, skipping
2025-06-24T03:34:42.232+05:30 DEBUG 79853 --- [user-management-system] [           main] org.hibernate.SQL                        : 
    drop table if exists audit_logs cascade
2025-06-24T03:34:42.233+05:30  WARN 79853 --- [user-management-system] [           main] o.h.engine.jdbc.spi.SqlExceptionHelper   : SQL Warning Code: 0, SQLState: 00000
2025-06-24T03:34:42.233+05:30  WARN 79853 --- [user-management-system] [           main] o.h.engine.jdbc.spi.SqlExceptionHelper   : table "audit_logs" does not exist, skipping
2025-06-24T03:34:42.234+05:30 DEBUG 79853 --- [user-management-system] [           main] org.hibernate.SQL                        : 
    drop table if exists permissions cascade
2025-06-24T03:34:42.235+05:30  WARN 79853 --- [user-management-system] [           main] o.h.engine.jdbc.spi.SqlExceptionHelper   : SQL Warning Code: 0, SQLState: 00000
2025-06-24T03:34:42.235+05:30  WARN 79853 --- [user-management-system] [           main] o.h.engine.jdbc.spi.SqlExceptionHelper   : table "permissions" does not exist, skipping
2025-06-24T03:34:42.235+05:30 DEBUG 79853 --- [user-management-system] [           main] org.hibernate.SQL                        : 
    drop table if exists role_permissions cascade
2025-06-24T03:34:42.236+05:30  WARN 79853 --- [user-management-system] [           main] o.h.engine.jdbc.spi.SqlExceptionHelper   : SQL Warning Code: 0, SQLState: 00000
2025-06-24T03:34:42.237+05:30  WARN 79853 --- [user-management-system] [           main] o.h.engine.jdbc.spi.SqlExceptionHelper   : table "role_permissions" does not exist, skipping
2025-06-24T03:34:42.237+05:30 DEBUG 79853 --- [user-management-system] [           main] org.hibernate.SQL                        : 
    drop table if exists roles cascade
2025-06-24T03:34:42.238+05:30  WARN 79853 --- [user-management-system] [           main] o.h.engine.jdbc.spi.SqlExceptionHelper   : SQL Warning Code: 0, SQLState: 00000
2025-06-24T03:34:42.238+05:30  WARN 79853 --- [user-management-system] [           main] o.h.engine.jdbc.spi.SqlExceptionHelper   : table "roles" does not exist, skipping
2025-06-24T03:34:42.238+05:30 DEBUG 79853 --- [user-management-system] [           main] org.hibernate.SQL                        : 
    drop table if exists user_roles cascade
2025-06-24T03:34:42.239+05:30  WARN 79853 --- [user-management-system] [           main] o.h.engine.jdbc.spi.SqlExceptionHelper   : SQL Warning Code: 0, SQLState: 00000
2025-06-24T03:34:42.240+05:30  WARN 79853 --- [user-management-system] [           main] o.h.engine.jdbc.spi.SqlExceptionHelper   : table "user_roles" does not exist, skipping
2025-06-24T03:34:42.240+05:30 DEBUG 79853 --- [user-management-system] [           main] org.hibernate.SQL                        : 
    drop table if exists users cascade
2025-06-24T03:34:42.241+05:30  WARN 79853 --- [user-management-system] [           main] o.h.engine.jdbc.spi.SqlExceptionHelper   : SQL Warning Code: 0, SQLState: 00000
2025-06-24T03:34:42.241+05:30  WARN 79853 --- [user-management-system] [           main] o.h.engine.jdbc.spi.SqlExceptionHelper   : table "users" does not exist, skipping
2025-06-24T03:34:42.250+05:30 DEBUG 79853 --- [user-management-system] [           main] org.hibernate.SQL                        : 
    create table access_requests (
        created_at timestamp(6) not null,
        id bigserial not null,
        role_id bigint not null,
        updated_at timestamp(6) not null,
        user_id bigint not null,
        reason varchar(255),
        response_message varchar(255),
        status varchar(255) not null check (status in ('PENDING','APPROVED','REJECTED')),
        primary key (id)
    )
2025-06-24T03:34:42.273+05:30 DEBUG 79853 --- [user-management-system] [           main] org.hibernate.SQL                        : 
    create table audit_logs (
        id bigserial not null,
        timestamp TIMESTAMP WITHOUT TIME ZONE not null,
        user_id bigint not null,
        action varchar(255) not null,
        details TEXT,
        primary key (id)
    )
2025-06-24T03:34:42.299+05:30 DEBUG 79853 --- [user-management-system] [           main] org.hibernate.SQL                        : 
    create table permissions (
        id bigserial not null,
        description varchar(255),
        name varchar(255) not null unique,
        primary key (id)
    )
2025-06-24T03:34:42.330+05:30 DEBUG 79853 --- [user-management-system] [           main] org.hibernate.SQL                        : 
    create table role_permissions (
        permission_id bigint not null,
        role_id bigint not null,
        primary key (permission_id, role_id)
    )
2025-06-24T03:34:42.340+05:30 DEBUG 79853 --- [user-management-system] [           main] org.hibernate.SQL                        : 
    create table roles (
        id bigserial not null,
        description varchar(255),
        name varchar(255) not null unique,
        primary key (id)
    )
2025-06-24T03:34:42.364+05:30 DEBUG 79853 --- [user-management-system] [           main] org.hibernate.SQL                        : 
    create table user_roles (
        role_id bigint not null,
        user_id bigint not null,
        primary key (role_id, user_id)
    )
2025-06-24T03:34:42.374+05:30 DEBUG 79853 --- [user-management-system] [           main] org.hibernate.SQL                        : 
    create table users (
        created_at timestamp(6) not null,
        id bigserial not null,
        last_login timestamp(6),
        updated_at timestamp(6) not null,
        email varchar(255) not null unique,
        name varchar(255) not null,
        password varchar(255) not null,
        status varchar(255) not null check (status in ('ACTIVE','INACTIVE','SUSPENDED','DELETED')),
        primary key (id)
    )
2025-06-24T03:34:42.399+05:30 DEBUG 79853 --- [user-management-system] [           main] org.hibernate.SQL                        : 
    alter table if exists access_requests 
       add constraint FKjk1j0bblp8hyldvpaxy4jryl5 
       foreign key (role_id) 
       references roles
2025-06-24T03:34:42.413+05:30 DEBUG 79853 --- [user-management-system] [           main] org.hibernate.SQL                        : 
    alter table if exists access_requests 
       add constraint FK4gme3c7759k26wocny0tbd1ix 
       foreign key (user_id) 
       references users
2025-06-24T03:34:42.426+05:30 DEBUG 79853 --- [user-management-system] [           main] org.hibernate.SQL                        : 
    alter table if exists audit_logs 
       add constraint FKjs4iimve3y0xssbtve5ysyef0 
       foreign key (user_id) 
       references users
2025-06-24T03:34:42.435+05:30 DEBUG 79853 --- [user-management-system] [           main] org.hibernate.SQL                        : 
    alter table if exists role_permissions 
       add constraint FKegdk29eiy7mdtefy5c7eirr6e 
       foreign key (permission_id) 
       references permissions
2025-06-24T03:34:42.445+05:30 DEBUG 79853 --- [user-management-system] [           main] org.hibernate.SQL                        : 
    alter table if exists role_permissions 
       add constraint FKn5fotdgk8d1xvo8nav9uv3muc 
       foreign key (role_id) 
       references roles
2025-06-24T03:34:42.454+05:30 DEBUG 79853 --- [user-management-system] [           main] org.hibernate.SQL                        : 
    alter table if exists user_roles 
       add constraint FKh8ciramu9cc9q3qcqiv4ue8a6 
       foreign key (role_id) 
       references roles
2025-06-24T03:34:42.463+05:30 DEBUG 79853 --- [user-management-system] [           main] org.hibernate.SQL                        : 
    alter table if exists user_roles 
       add constraint FKhfh9dx7w3ubf1co1vdev94g3f 
       foreign key (user_id) 
       references users
2025-06-24T03:34:42.487+05:30  INFO 79853 --- [user-management-system] [           main] j.LocalContainerEntityManagerFactoryBean : Initialized JPA EntityManagerFactory for persistence unit 'default'
2025-06-24T03:34:43.329+05:30  INFO 79853 --- [user-management-system] [           main] o.s.d.j.r.query.QueryEnhancerFactory     : Hibernate is in classpath; If applicable, HQL parser will be used.
2025-06-24T03:34:46.581+05:30  INFO 79853 --- [user-management-system] [           main] o.s.b.a.e.web.EndpointLinksResolver      : Exposing 3 endpoint(s) beneath base path '/actuator'
2025-06-24T03:34:46.857+05:30 TRACE 79853 --- [user-management-system] [           main] eGlobalAuthenticationAutowiredConfigurer : Eagerly initializing {org.springframework.boot.autoconfigure.security.servlet.SpringBootWebSecurityConfiguration$WebSecurityEnablerConfiguration=org.springframework.boot.autoconfigure.security.servlet.SpringBootWebSecurityConfiguration$WebSecurityEnablerConfiguration@26f83485}
[DEBUG] PasswordEncoder bean created: class org.springframework.security.crypto.bcrypt.BCryptPasswordEncoder
2025-06-24T03:34:47.336+05:30 DEBUG 79853 --- [user-management-system] [           main] s.w.s.m.m.a.RequestMappingHandlerMapping : 32 mappings in 'requestMappingHandlerMapping'
2025-06-24T03:34:47.797+05:30 DEBUG 79853 --- [user-management-system] [           main] o.s.w.s.handler.SimpleUrlHandlerMapping  : Patterns [/webjars/**, /**, /swagger-ui*/*swagger-initializer.js, /swagger-ui*/**] in 'resourceHandlerMapping'
2025-06-24T03:34:47.980+05:30  INFO 79853 --- [user-management-system] [           main] o.s.s.web.DefaultSecurityFilterChain     : Will secure any request with [org.springframework.security.web.session.DisableEncodeUrlFilter@19d636c, org.springframework.security.web.context.request.async.WebAsyncManagerIntegrationFilter@1d79e05d, org.springframework.security.web.context.SecurityContextHolderFilter@71bfd99a, org.springframework.security.web.header.HeaderWriterFilter@1da71bfa, org.springframework.web.filter.CorsFilter@71c92d8b, org.springframework.security.web.authentication.logout.LogoutFilter@41ec256b, com.usermanagement.security.JwtAuthenticationFilter@15fa7cfd, org.springframework.security.web.savedrequest.RequestCacheAwareFilter@5c54f8f0, org.springframework.security.web.servletapi.SecurityContextHolderAwareRequestFilter@48ab3844, org.springframework.security.web.authentication.AnonymousAuthenticationFilter@593193b, org.springframework.security.web.session.SessionManagementFilter@59f6a5c6, org.springframework.security.web.access.ExceptionTranslationFilter@21be8c5b, org.springframework.security.web.access.intercept.AuthorizationFilter@39a77ed6]
2025-06-24T03:34:48.474+05:30 DEBUG 79853 --- [user-management-system] [           main] s.w.s.m.m.a.RequestMappingHandlerAdapter : ControllerAdvice beans: 0 @ModelAttribute, 0 @InitBinder, 1 RequestBodyAdvice, 1 ResponseBodyAdvice
2025-06-24T03:34:48.596+05:30 DEBUG 79853 --- [user-management-system] [           main] .m.m.a.ExceptionHandlerExceptionResolver : ControllerAdvice beans: 2 @ExceptionHandler, 1 ResponseBodyAdvice
2025-06-24T03:34:50.305+05:30 DEBUG 79853 --- [user-management-system] [           main] o.s.w.f.ServerHttpObservationFilter      : Filter 'webMvcObservationFilter' configured for use
2025-06-24T03:34:50.306+05:30 DEBUG 79853 --- [user-management-system] [           main] c.u.security.JwtAuthenticationFilter     : Filter 'jwtAuthenticationFilter' configured for use
2025-06-24T03:34:50.309+05:30  INFO 79853 --- [user-management-system] [           main] o.s.b.t.m.w.SpringBootMockServletContext : Initializing Spring TestDispatcherServlet ''
2025-06-24T03:34:50.310+05:30  INFO 79853 --- [user-management-system] [           main] o.s.t.web.servlet.TestDispatcherServlet  : Initializing Servlet ''
2025-06-24T03:34:50.314+05:30  INFO 79853 --- [user-management-system] [           main] o.s.t.web.servlet.TestDispatcherServlet  : Completed initialization in 4 ms
2025-06-24T03:34:50.464+05:30  INFO 79853 --- [user-management-system] [           main] c.u.integration.AuthIntegrationTest      : Started AuthIntegrationTest in 18.246 seconds (process running for 28.74)
2025-06-24T03:34:50.959+05:30 DEBUG 79853 --- [user-management-system] [           main] org.hibernate.SQL                        : 
    select
        r1_0.id,
        r1_0.description,
        r1_0.name 
    from
        roles r1_0 
    where
        r1_0.name=?
2025-06-24T03:34:51.097+05:30 DEBUG 79853 --- [user-management-system] [           main] org.hibernate.SQL                        : 
    insert 
    into
        roles
        (description, name) 
    values
        (?, ?)
2025-06-24T03:34:51.318+05:30 DEBUG 79853 --- [user-management-system] [           main] org.hibernate.SQL                        : 
    insert 
    into
        users
        (created_at, email, last_login, name, password, status, updated_at) 
    values
        (?, ?, ?, ?, ?, ?, ?)
2025-06-24T03:34:51.326+05:30 DEBUG 79853 --- [user-management-system] [           main] org.hibernate.SQL                        : 
    insert 
    into
        user_roles
        (user_id, role_id) 
    values
        (?, ?)
2025-06-24T03:34:51.342+05:30 DEBUG 79853 --- [user-management-system] [           main] org.hibernate.SQL                        : 
    select
        u1_0.id,
        u1_0.created_at,
        u1_0.email,
        u1_0.last_login,
        u1_0.name,
        u1_0.password,
        u1_0.status,
        u1_0.updated_at 
    from
        users u1_0 
    where
        u1_0.email=?
[DEBUG] User in DB before login: com.usermanagement.model.entity.User@10d089d7
[DEBUG] PasswordEncoder class in test: class org.springframework.security.crypto.bcrypt.BCryptPasswordEncoder
[DEBUG] Password hash in DB: $2a$10$sPsoLg5TVoaVOkBY17lp8u0HEEEDwwWPz3DMkpeOGIerus6SPKZzq
2025-06-24T03:34:51.469+05:30 TRACE 79853 --- [user-management-system] [           main] .s.s.w.c.SupplierDeferredSecurityContext : Created SecurityContextImpl [Null authentication]
2025-06-24T03:34:51.509+05:30 TRACE 79853 --- [user-management-system] [           main] o.s.security.web.FilterChainProxy        : Trying to match request against DefaultSecurityFilterChain [RequestMatcher=any request, Filters=[org.springframework.security.web.session.DisableEncodeUrlFilter@19d636c, org.springframework.security.web.context.request.async.WebAsyncManagerIntegrationFilter@1d79e05d, org.springframework.security.web.context.SecurityContextHolderFilter@71bfd99a, org.springframework.security.web.header.HeaderWriterFilter@1da71bfa, org.springframework.web.filter.CorsFilter@71c92d8b, org.springframework.security.web.authentication.logout.LogoutFilter@41ec256b, com.usermanagement.security.JwtAuthenticationFilter@15fa7cfd, org.springframework.security.web.savedrequest.RequestCacheAwareFilter@5c54f8f0, org.springframework.security.web.servletapi.SecurityContextHolderAwareRequestFilter@48ab3844, org.springframework.security.web.authentication.AnonymousAuthenticationFilter@593193b, org.springframework.security.web.session.SessionManagementFilter@59f6a5c6, org.springframework.security.web.access.ExceptionTranslationFilter@21be8c5b, org.springframework.security.web.access.intercept.AuthorizationFilter@39a77ed6]] (1/1)
2025-06-24T03:34:51.510+05:30 DEBUG 79853 --- [user-management-system] [           main] o.s.security.web.FilterChainProxy        : Securing POST /auth/login
2025-06-24T03:34:51.515+05:30 TRACE 79853 --- [user-management-system] [           main] o.s.security.web.FilterChainProxy        : Invoking DisableEncodeUrlFilter (1/13)
2025-06-24T03:34:51.525+05:30 TRACE 79853 --- [user-management-system] [           main] o.s.security.web.FilterChainProxy        : Invoking WebAsyncManagerIntegrationFilter (2/13)
2025-06-24T03:34:51.531+05:30 TRACE 79853 --- [user-management-system] [           main] o.s.security.web.FilterChainProxy        : Invoking SecurityContextHolderFilter (3/13)
2025-06-24T03:34:51.533+05:30 TRACE 79853 --- [user-management-system] [           main] o.s.security.web.FilterChainProxy        : Invoking HeaderWriterFilter (4/13)
2025-06-24T03:34:51.536+05:30 TRACE 79853 --- [user-management-system] [           main] o.s.security.web.FilterChainProxy        : Invoking CorsFilter (5/13)
2025-06-24T03:34:51.538+05:30 TRACE 79853 --- [user-management-system] [           main] o.s.security.web.FilterChainProxy        : Invoking LogoutFilter (6/13)
2025-06-24T03:34:51.538+05:30 TRACE 79853 --- [user-management-system] [           main] o.s.s.w.a.logout.LogoutFilter            : Did not match request to Or [Ant [pattern='/logout', GET], Ant [pattern='/logout', POST], Ant [pattern='/logout', PUT], Ant [pattern='/logout', DELETE]]
2025-06-24T03:34:51.539+05:30 TRACE 79853 --- [user-management-system] [           main] o.s.security.web.FilterChainProxy        : Invoking JwtAuthenticationFilter (7/13)
2025-06-24T03:34:51.540+05:30 TRACE 79853 --- [user-management-system] [           main] o.s.security.web.FilterChainProxy        : Invoking RequestCacheAwareFilter (8/13)
2025-06-24T03:34:51.540+05:30 TRACE 79853 --- [user-management-system] [           main] o.s.security.web.FilterChainProxy        : Invoking SecurityContextHolderAwareRequestFilter (9/13)
2025-06-24T03:34:51.545+05:30 TRACE 79853 --- [user-management-system] [           main] o.s.security.web.FilterChainProxy        : Invoking AnonymousAuthenticationFilter (10/13)
2025-06-24T03:34:51.546+05:30 TRACE 79853 --- [user-management-system] [           main] o.s.security.web.FilterChainProxy        : Invoking SessionManagementFilter (11/13)
2025-06-24T03:34:51.550+05:30 TRACE 79853 --- [user-management-system] [           main] o.s.s.w.a.AnonymousAuthenticationFilter  : Did not set SecurityContextHolder since already authenticated authentication
2025-06-24T03:34:51.550+05:30 TRACE 79853 --- [user-management-system] [           main] s.CompositeSessionAuthenticationStrategy : Preparing session with ChangeSessionIdAuthenticationStrategy (1/1)
2025-06-24T03:34:51.551+05:30 TRACE 79853 --- [user-management-system] [           main] o.s.security.web.FilterChainProxy        : Invoking ExceptionTranslationFilter (12/13)
2025-06-24T03:34:51.551+05:30 TRACE 79853 --- [user-management-system] [           main] o.s.security.web.FilterChainProxy        : Invoking AuthorizationFilter (13/13)
2025-06-24T03:34:51.553+05:30 TRACE 79853 --- [user-management-system] [           main] estMatcherDelegatingAuthorizationManager : Authorizing SecurityContextHolderAwareRequestWrapper[ org.springframework.security.web.header.HeaderWriterFilter$HeaderWriterRequest@5d22d50e]
2025-06-24T03:34:51.554+05:30 TRACE 79853 --- [user-management-system] [           main] estMatcherDelegatingAuthorizationManager : Checking authorization on SecurityContextHolderAwareRequestWrapper[ org.springframework.security.web.header.HeaderWriterFilter$HeaderWriterRequest@5d22d50e] using org.springframework.security.config.annotation.web.configurers.AuthorizeHttpRequestsConfigurer$$Lambda/0x0000750870d48c70@7e1f018b
2025-06-24T03:34:51.564+05:30 DEBUG 79853 --- [user-management-system] [           main] o.s.security.web.FilterChainProxy        : Secured POST /auth/login
2025-06-24T03:34:51.574+05:30 DEBUG 79853 --- [user-management-system] [           main] s.w.s.m.m.a.RequestMappingHandlerMapping : Mapped to com.usermanagement.controller.AuthController#login(LoginRequest)
2025-06-24T03:34:51.724+05:30 DEBUG 79853 --- [user-management-system] [           main] m.m.a.RequestResponseBodyMethodProcessor : Read "application/json;charset=UTF-8" to [AuthController.LoginRequest(email=test@test.com, password=password)]
2025-06-24T03:34:51.736+05:30 TRACE 79853 --- [user-management-system] [           main] o.s.s.authentication.ProviderManager     : Authenticating request with DaoAuthenticationProvider (1/1)
CustomUserDetailsService: Loading user by username: test@test.com
2025-06-24T03:34:51.859+05:30 DEBUG 79853 --- [user-management-system] [           main] org.hibernate.SQL                        : 
    select
        u1_0.id,
        u1_0.created_at,
        u1_0.email,
        u1_0.last_login,
        u1_0.name,
        u1_0.password,
        r1_0.user_id,
        r1_1.id,
        r1_1.description,
        r1_1.name,
        u1_0.status,
        u1_0.updated_at 
    from
        users u1_0 
    left join
        user_roles r1_0 
            on u1_0.id=r1_0.user_id 
    left join
        roles r1_1 
            on r1_1.id=r1_0.role_id 
    where
        u1_0.email=?
[DEBUG] Password hash loaded for user: $2a$10$sPsoLg5TVoaVOkBY17lp8u0HEEEDwwWPz3DMkpeOGIerus6SPKZzq
2025-06-24T03:34:51.986+05:30 DEBUG 79853 --- [user-management-system] [           main] o.s.s.a.dao.DaoAuthenticationProvider    : Authenticated user
2025-06-24T03:34:52.086+05:30 DEBUG 79853 --- [user-management-system] [           main] o.s.w.s.m.m.a.HttpEntityMethodProcessor  : Using 'application/json', given [*/*] and supported [application/json, application/*+json]
2025-06-24T03:34:52.088+05:30 DEBUG 79853 --- [user-management-system] [           main] o.s.w.s.m.m.a.HttpEntityMethodProcessor  : Writing [AuthController.JwtResponse(token=eyJhbGciOiJIUzI1NiJ9.eyJzdWIiOiJ0ZXN0QHRlc3QuY29tIiwiaWF0IjoxNzUwNz (truncated)...]
2025-06-24T03:34:52.097+05:30 TRACE 79853 --- [user-management-system] [           main] o.s.s.w.header.writers.HstsHeaderWriter  : Not injecting HSTS header since it did not match request to [Is Secure]
]]></system-out>
  </testcase>
  <testcase name="login_Failure" classname="com.usermanagement.integration.AuthIntegrationTest" time="0.341">
    <system-out><![CDATA[2025-06-24T03:34:52.205+05:30 TRACE 79853 --- [user-management-system] [           main] o.s.security.web.FilterChainProxy        : Trying to match request against DefaultSecurityFilterChain [RequestMatcher=any request, Filters=[org.springframework.security.web.session.DisableEncodeUrlFilter@19d636c, org.springframework.security.web.context.request.async.WebAsyncManagerIntegrationFilter@1d79e05d, org.springframework.security.web.context.SecurityContextHolderFilter@71bfd99a, org.springframework.security.web.header.HeaderWriterFilter@1da71bfa, org.springframework.web.filter.CorsFilter@71c92d8b, org.springframework.security.web.authentication.logout.LogoutFilter@41ec256b, com.usermanagement.security.JwtAuthenticationFilter@15fa7cfd, org.springframework.security.web.savedrequest.RequestCacheAwareFilter@5c54f8f0, org.springframework.security.web.servletapi.SecurityContextHolderAwareRequestFilter@48ab3844, org.springframework.security.web.authentication.AnonymousAuthenticationFilter@593193b, org.springframework.security.web.session.SessionManagementFilter@59f6a5c6, org.springframework.security.web.access.ExceptionTranslationFilter@21be8c5b, org.springframework.security.web.access.intercept.AuthorizationFilter@39a77ed6]] (1/1)
2025-06-24T03:34:52.206+05:30 DEBUG 79853 --- [user-management-system] [           main] o.s.security.web.FilterChainProxy        : Securing POST /auth/login
2025-06-24T03:34:52.206+05:30 TRACE 79853 --- [user-management-system] [           main] o.s.security.web.FilterChainProxy        : Invoking DisableEncodeUrlFilter (1/13)
2025-06-24T03:34:52.206+05:30 TRACE 79853 --- [user-management-system] [           main] o.s.security.web.FilterChainProxy        : Invoking WebAsyncManagerIntegrationFilter (2/13)
2025-06-24T03:34:52.207+05:30 TRACE 79853 --- [user-management-system] [           main] o.s.security.web.FilterChainProxy        : Invoking SecurityContextHolderFilter (3/13)
2025-06-24T03:34:52.207+05:30 TRACE 79853 --- [user-management-system] [           main] o.s.security.web.FilterChainProxy        : Invoking HeaderWriterFilter (4/13)
2025-06-24T03:34:52.207+05:30 TRACE 79853 --- [user-management-system] [           main] o.s.security.web.FilterChainProxy        : Invoking CorsFilter (5/13)
2025-06-24T03:34:52.207+05:30 TRACE 79853 --- [user-management-system] [           main] o.s.security.web.FilterChainProxy        : Invoking LogoutFilter (6/13)
2025-06-24T03:34:52.207+05:30 TRACE 79853 --- [user-management-system] [           main] o.s.s.w.a.logout.LogoutFilter            : Did not match request to Or [Ant [pattern='/logout', GET], Ant [pattern='/logout', POST], Ant [pattern='/logout', PUT], Ant [pattern='/logout', DELETE]]
2025-06-24T03:34:52.207+05:30 TRACE 79853 --- [user-management-system] [           main] o.s.security.web.FilterChainProxy        : Invoking JwtAuthenticationFilter (7/13)
2025-06-24T03:34:52.208+05:30 TRACE 79853 --- [user-management-system] [           main] o.s.security.web.FilterChainProxy        : Invoking RequestCacheAwareFilter (8/13)
2025-06-24T03:34:52.209+05:30 TRACE 79853 --- [user-management-system] [           main] o.s.security.web.FilterChainProxy        : Invoking SecurityContextHolderAwareRequestFilter (9/13)
2025-06-24T03:34:52.209+05:30 TRACE 79853 --- [user-management-system] [           main] o.s.security.web.FilterChainProxy        : Invoking AnonymousAuthenticationFilter (10/13)
2025-06-24T03:34:52.209+05:30 TRACE 79853 --- [user-management-system] [           main] o.s.security.web.FilterChainProxy        : Invoking SessionManagementFilter (11/13)
2025-06-24T03:34:52.209+05:30 TRACE 79853 --- [user-management-system] [           main] .s.s.w.c.SupplierDeferredSecurityContext : Created SecurityContextImpl [Null authentication]
2025-06-24T03:34:52.211+05:30 TRACE 79853 --- [user-management-system] [           main] o.s.s.w.a.AnonymousAuthenticationFilter  : Set SecurityContextHolder to AnonymousAuthenticationToken [Principal=anonymousUser, Credentials=[PROTECTED], Authenticated=true, Details=WebAuthenticationDetails [RemoteIpAddress=127.0.0.1, SessionId=null], Granted Authorities=[ROLE_ANONYMOUS]]
2025-06-24T03:34:52.211+05:30 TRACE 79853 --- [user-management-system] [           main] o.s.security.web.FilterChainProxy        : Invoking ExceptionTranslationFilter (12/13)
2025-06-24T03:34:52.211+05:30 TRACE 79853 --- [user-management-system] [           main] o.s.security.web.FilterChainProxy        : Invoking AuthorizationFilter (13/13)
2025-06-24T03:34:52.211+05:30 TRACE 79853 --- [user-management-system] [           main] estMatcherDelegatingAuthorizationManager : Authorizing SecurityContextHolderAwareRequestWrapper[ org.springframework.security.web.header.HeaderWriterFilter$HeaderWriterRequest@574bfa78]
2025-06-24T03:34:52.212+05:30 TRACE 79853 --- [user-management-system] [           main] estMatcherDelegatingAuthorizationManager : Checking authorization on SecurityContextHolderAwareRequestWrapper[ org.springframework.security.web.header.HeaderWriterFilter$HeaderWriterRequest@574bfa78] using org.springframework.security.config.annotation.web.configurers.AuthorizeHttpRequestsConfigurer$$Lambda/0x0000750870d48c70@7e1f018b
2025-06-24T03:34:52.212+05:30 DEBUG 79853 --- [user-management-system] [           main] o.s.security.web.FilterChainProxy        : Secured POST /auth/login
2025-06-24T03:34:52.213+05:30 DEBUG 79853 --- [user-management-system] [           main] s.w.s.m.m.a.RequestMappingHandlerMapping : Mapped to com.usermanagement.controller.AuthController#login(LoginRequest)
2025-06-24T03:34:52.213+05:30 DEBUG 79853 --- [user-management-system] [           main] m.m.a.RequestResponseBodyMethodProcessor : Read "application/json;charset=UTF-8" to [AuthController.LoginRequest(email=test@test.com, password=wrong)]
2025-06-24T03:34:52.214+05:30 TRACE 79853 --- [user-management-system] [           main] o.s.s.authentication.ProviderManager     : Authenticating request with DaoAuthenticationProvider (1/1)
CustomUserDetailsService: Loading user by username: test@test.com
2025-06-24T03:34:52.216+05:30 DEBUG 79853 --- [user-management-system] [           main] org.hibernate.SQL                        : 
    select
        u1_0.id,
        u1_0.created_at,
        u1_0.email,
        u1_0.last_login,
        u1_0.name,
        u1_0.password,
        r1_0.user_id,
        r1_1.id,
        r1_1.description,
        r1_1.name,
        u1_0.status,
        u1_0.updated_at 
    from
        users u1_0 
    left join
        user_roles r1_0 
            on u1_0.id=r1_0.user_id 
    left join
        roles r1_1 
            on r1_1.id=r1_0.role_id 
    where
        u1_0.email=?
[DEBUG] Password hash loaded for user: $2a$10$sPsoLg5TVoaVOkBY17lp8u0HEEEDwwWPz3DMkpeOGIerus6SPKZzq
2025-06-24T03:34:52.319+05:30 DEBUG 79853 --- [user-management-system] [           main] o.s.s.a.dao.DaoAuthenticationProvider    : Failed to authenticate since password does not match stored value
2025-06-24T03:34:52.320+05:30 TRACE 79853 --- [user-management-system] [           main] o.s.s.authentication.ProviderManager     : Authenticating request with DaoAuthenticationProvider (1/1)
CustomUserDetailsService: Loading user by username: test@test.com
2025-06-24T03:34:52.418+05:30 DEBUG 79853 --- [user-management-system] [           main] org.hibernate.SQL                        : 
    select
        u1_0.id,
        u1_0.created_at,
        u1_0.email,
        u1_0.last_login,
        u1_0.name,
        u1_0.password,
        r1_0.user_id,
        r1_1.id,
        r1_1.description,
        r1_1.name,
        u1_0.status,
        u1_0.updated_at 
    from
        users u1_0 
    left join
        user_roles r1_0 
            on u1_0.id=r1_0.user_id 
    left join
        roles r1_1 
            on r1_1.id=r1_0.role_id 
    where
        u1_0.email=?
[DEBUG] Password hash loaded for user: $2a$10$sPsoLg5TVoaVOkBY17lp8u0HEEEDwwWPz3DMkpeOGIerus6SPKZzq
2025-06-24T03:34:52.519+05:30 DEBUG 79853 --- [user-management-system] [           main] o.s.s.a.dao.DaoAuthenticationProvider    : Failed to authenticate since password does not match stored value
[DEBUG] Exception in /auth/login: class org.springframework.security.authentication.BadCredentialsException: Bad credentials
org.springframework.security.authentication.BadCredentialsException: Bad credentials
	at org.springframework.security.authentication.dao.DaoAuthenticationProvider.additionalAuthenticationChecks(DaoAuthenticationProvider.java:89)
	at org.springframework.security.authentication.dao.AbstractUserDetailsAuthenticationProvider.authenticate(AbstractUserDetailsAuthenticationProvider.java:147)
	at org.springframework.security.authentication.ProviderManager.authenticate(ProviderManager.java:182)
	at org.springframework.security.authentication.ProviderManager.authenticate(ProviderManager.java:201)
	at com.usermanagement.controller.AuthController.login(AuthController.java:32)
	at java.base/jdk.internal.reflect.DirectMethodHandleAccessor.invoke(DirectMethodHandleAccessor.java:103)
	at java.base/java.lang.reflect.Method.invoke(Method.java:580)
	at org.springframework.web.method.support.InvocableHandlerMethod.doInvoke(InvocableHandlerMethod.java:255)
	at org.springframework.web.method.support.InvocableHandlerMethod.invokeForRequest(InvocableHandlerMethod.java:188)
	at org.springframework.web.servlet.mvc.method.annotation.ServletInvocableHandlerMethod.invokeAndHandle(ServletInvocableHandlerMethod.java:118)
	at org.springframework.web.servlet.mvc.method.annotation.RequestMappingHandlerAdapter.invokeHandlerMethod(RequestMappingHandlerAdapter.java:926)
	at org.springframework.web.servlet.mvc.method.annotation.RequestMappingHandlerAdapter.handleInternal(RequestMappingHandlerAdapter.java:831)
	at org.springframework.web.servlet.mvc.method.AbstractHandlerMethodAdapter.handle(AbstractHandlerMethodAdapter.java:87)
	at org.springframework.web.servlet.DispatcherServlet.doDispatch(DispatcherServlet.java:1089)
	at org.springframework.web.servlet.DispatcherServlet.doService(DispatcherServlet.java:979)
	at org.springframework.web.servlet.FrameworkServlet.processRequest(FrameworkServlet.java:1014)
	at org.springframework.web.servlet.FrameworkServlet.doPost(FrameworkServlet.java:914)
	at jakarta.servlet.http.HttpServlet.service(HttpServlet.java:590)
	at org.springframework.web.servlet.FrameworkServlet.service(FrameworkServlet.java:885)
	at org.springframework.test.web.servlet.TestDispatcherServlet.service(TestDispatcherServlet.java:72)
	at jakarta.servlet.http.HttpServlet.service(HttpServlet.java:658)
	at org.springframework.mock.web.MockFilterChain$ServletFilterProxy.doFilter(MockFilterChain.java:165)
	at org.springframework.mock.web.MockFilterChain.doFilter(MockFilterChain.java:132)
	at org.springframework.web.filter.OncePerRequestFilter.doFilter(OncePerRequestFilter.java:110)
	at org.springframework.test.web.servlet.setup.MockMvcFilterDecorator.doFilter(MockMvcFilterDecorator.java:151)
	at org.springframework.mock.web.MockFilterChain.doFilter(MockFilterChain.java:132)
	at org.springframework.web.filter.CompositeFilter$VirtualFilterChain.doFilter(CompositeFilter.java:108)
	at org.springframework.security.web.FilterChainProxy.lambda$doFilterInternal$3(FilterChainProxy.java:231)
	at org.springframework.security.web.ObservationFilterChainDecorator$FilterObservation$SimpleFilterObservation.lambda$wrap$1(ObservationFilterChainDecorator.java:479)
	at org.springframework.security.web.ObservationFilterChainDecorator$AroundFilterObservation$SimpleAroundFilterObservation.lambda$wrap$1(ObservationFilterChainDecorator.java:340)
	at org.springframework.security.web.ObservationFilterChainDecorator.lambda$wrapSecured$0(ObservationFilterChainDecorator.java:82)
	at org.springframework.security.web.ObservationFilterChainDecorator$VirtualFilterChain.doFilter(ObservationFilterChainDecorator.java:128)
	at org.springframework.security.web.access.intercept.AuthorizationFilter.doFilter(AuthorizationFilter.java:100)
	at org.springframework.security.web.ObservationFilterChainDecorator$ObservationFilter.wrapFilter(ObservationFilterChainDecorator.java:240)
	at org.springframework.security.web.ObservationFilterChainDecorator$ObservationFilter.doFilter(ObservationFilterChainDecorator.java:227)
	at org.springframework.security.web.ObservationFilterChainDecorator$VirtualFilterChain.doFilter(ObservationFilterChainDecorator.java:137)
	at org.springframework.security.web.access.ExceptionTranslationFilter.doFilter(ExceptionTranslationFilter.java:126)
	at org.springframework.security.web.access.ExceptionTranslationFilter.doFilter(ExceptionTranslationFilter.java:120)
	at org.springframework.security.web.ObservationFilterChainDecorator$ObservationFilter.wrapFilter(ObservationFilterChainDecorator.java:240)
	at org.springframework.security.web.ObservationFilterChainDecorator$ObservationFilter.doFilter(ObservationFilterChainDecorator.java:227)
	at org.springframework.security.web.ObservationFilterChainDecorator$VirtualFilterChain.doFilter(ObservationFilterChainDecorator.java:137)
	at org.springframework.security.web.session.SessionManagementFilter.doFilter(SessionManagementFilter.java:131)
	at org.springframework.security.web.session.SessionManagementFilter.doFilter(SessionManagementFilter.java:85)
	at org.springframework.security.web.ObservationFilterChainDecorator$ObservationFilter.wrapFilter(ObservationFilterChainDecorator.java:240)
	at org.springframework.security.web.ObservationFilterChainDecorator$ObservationFilter.doFilter(ObservationFilterChainDecorator.java:227)
	at org.springframework.security.web.ObservationFilterChainDecorator$VirtualFilterChain.doFilter(ObservationFilterChainDecorator.java:137)
	at org.springframework.security.web.authentication.AnonymousAuthenticationFilter.doFilter(AnonymousAuthenticationFilter.java:100)
	at org.springframework.security.web.ObservationFilterChainDecorator$ObservationFilter.wrapFilter(ObservationFilterChainDecorator.java:240)
	at org.springframework.security.web.ObservationFilterChainDecorator$ObservationFilter.doFilter(ObservationFilterChainDecorator.java:227)
	at org.springframework.security.web.ObservationFilterChainDecorator$VirtualFilterChain.doFilter(ObservationFilterChainDecorator.java:137)
	at org.springframework.security.web.servletapi.SecurityContextHolderAwareRequestFilter.doFilter(SecurityContextHolderAwareRequestFilter.java:179)
	at org.springframework.security.web.ObservationFilterChainDecorator$ObservationFilter.wrapFilter(ObservationFilterChainDecorator.java:240)
	at org.springframework.security.web.ObservationFilterChainDecorator$ObservationFilter.doFilter(ObservationFilterChainDecorator.java:227)
	at org.springframework.security.web.ObservationFilterChainDecorator$VirtualFilterChain.doFilter(ObservationFilterChainDecorator.java:137)
	at org.springframework.security.web.savedrequest.RequestCacheAwareFilter.doFilter(RequestCacheAwareFilter.java:63)
	at org.springframework.security.web.ObservationFilterChainDecorator$ObservationFilter.wrapFilter(ObservationFilterChainDecorator.java:240)
	at org.springframework.security.web.ObservationFilterChainDecorator$ObservationFilter.doFilter(ObservationFilterChainDecorator.java:227)
	at org.springframework.security.web.ObservationFilterChainDecorator$VirtualFilterChain.doFilter(ObservationFilterChainDecorator.java:137)
	at com.usermanagement.security.JwtAuthenticationFilter.doFilterInternal(JwtAuthenticationFilter.java:41)
	at org.springframework.web.filter.OncePerRequestFilter.doFilter(OncePerRequestFilter.java:116)
	at org.springframework.security.web.ObservationFilterChainDecorator$ObservationFilter.wrapFilter(ObservationFilterChainDecorator.java:240)
	at org.springframework.security.web.ObservationFilterChainDecorator$ObservationFilter.doFilter(ObservationFilterChainDecorator.java:227)
	at org.springframework.security.web.ObservationFilterChainDecorator$VirtualFilterChain.doFilter(ObservationFilterChainDecorator.java:137)
	at org.springframework.security.web.authentication.logout.LogoutFilter.doFilter(LogoutFilter.java:107)
	at org.springframework.security.web.authentication.logout.LogoutFilter.doFilter(LogoutFilter.java:93)
	at org.springframework.security.web.ObservationFilterChainDecorator$ObservationFilter.wrapFilter(ObservationFilterChainDecorator.java:240)
	at org.springframework.security.web.ObservationFilterChainDecorator$ObservationFilter.doFilter(ObservationFilterChainDecorator.java:227)
	at org.springframework.security.web.ObservationFilterChainDecorator$VirtualFilterChain.doFilter(ObservationFilterChainDecorator.java:137)
	at org.springframework.web.filter.CorsFilter.doFilterInternal(CorsFilter.java:91)
	at org.springframework.web.filter.OncePerRequestFilter.doFilter(OncePerRequestFilter.java:116)
	at org.springframework.security.web.ObservationFilterChainDecorator$ObservationFilter.wrapFilter(ObservationFilterChainDecorator.java:240)
	at org.springframework.security.web.ObservationFilterChainDecorator$ObservationFilter.doFilter(ObservationFilterChainDecorator.java:227)
	at org.springframework.security.web.ObservationFilterChainDecorator$VirtualFilterChain.doFilter(ObservationFilterChainDecorator.java:137)
	at org.springframework.security.web.header.HeaderWriterFilter.doHeadersAfter(HeaderWriterFilter.java:90)
	at org.springframework.security.web.header.HeaderWriterFilter.doFilterInternal(HeaderWriterFilter.java:75)
	at org.springframework.web.filter.OncePerRequestFilter.doFilter(OncePerRequestFilter.java:116)
	at org.springframework.security.web.ObservationFilterChainDecorator$ObservationFilter.wrapFilter(ObservationFilterChainDecorator.java:240)
	at org.springframework.security.web.ObservationFilterChainDecorator$ObservationFilter.doFilter(ObservationFilterChainDecorator.java:227)
	at org.springframework.security.web.ObservationFilterChainDecorator$VirtualFilterChain.doFilter(ObservationFilterChainDecorator.java:137)
	at org.springframework.security.web.context.SecurityContextHolderFilter.doFilter(SecurityContextHolderFilter.java:82)
	at org.springframework.security.web.context.SecurityContextHolderFilter.doFilter(SecurityContextHolderFilter.java:69)
	at org.springframework.security.web.ObservationFilterChainDecorator$ObservationFilter.wrapFilter(ObservationFilterChainDecorator.java:240)
	at org.springframework.security.web.ObservationFilterChainDecorator$ObservationFilter.doFilter(ObservationFilterChainDecorator.java:227)
	at org.springframework.security.web.ObservationFilterChainDecorator$VirtualFilterChain.doFilter(ObservationFilterChainDecorator.java:137)
	at org.springframework.security.web.context.request.async.WebAsyncManagerIntegrationFilter.doFilterInternal(WebAsyncManagerIntegrationFilter.java:62)
	at org.springframework.web.filter.OncePerRequestFilter.doFilter(OncePerRequestFilter.java:116)
	at org.springframework.security.web.ObservationFilterChainDecorator$ObservationFilter.wrapFilter(ObservationFilterChainDecorator.java:240)
	at org.springframework.security.web.ObservationFilterChainDecorator$ObservationFilter.doFilter(ObservationFilterChainDecorator.java:227)
	at org.springframework.security.web.ObservationFilterChainDecorator$VirtualFilterChain.doFilter(ObservationFilterChainDecorator.java:137)
	at org.springframework.security.web.session.DisableEncodeUrlFilter.doFilterInternal(DisableEncodeUrlFilter.java:42)
	at org.springframework.web.filter.OncePerRequestFilter.doFilter(OncePerRequestFilter.java:116)
	at org.springframework.security.web.ObservationFilterChainDecorator$ObservationFilter.wrapFilter(ObservationFilterChainDecorator.java:240)
	at org.springframework.security.web.ObservationFilterChainDecorator$AroundFilterObservation$SimpleAroundFilterObservation.lambda$wrap$0(ObservationFilterChainDecorator.java:323)
	at org.springframework.security.web.ObservationFilterChainDecorator$ObservationFilter.doFilter(ObservationFilterChainDecorator.java:224)
	at org.springframework.security.web.ObservationFilterChainDecorator$VirtualFilterChain.doFilter(ObservationFilterChainDecorator.java:137)
	at org.springframework.security.web.FilterChainProxy.doFilterInternal(FilterChainProxy.java:233)
	at org.springframework.security.web.FilterChainProxy.doFilter(FilterChainProxy.java:191)
	at org.springframework.web.filter.CompositeFilter$VirtualFilterChain.doFilter(CompositeFilter.java:113)
	at org.springframework.web.servlet.handler.HandlerMappingIntrospector.lambda$createCacheFilter$3(HandlerMappingIntrospector.java:195)
	at org.springframework.web.filter.CompositeFilter$VirtualFilterChain.doFilter(CompositeFilter.java:113)
	at org.springframework.web.filter.CompositeFilter.doFilter(CompositeFilter.java:74)
	at org.springframework.security.config.annotation.web.configuration.WebMvcSecurityConfiguration$CompositeFilterChainProxy.doFilter(WebMvcSecurityConfiguration.java:230)
	at org.springframework.web.filter.DelegatingFilterProxy.invokeDelegate(DelegatingFilterProxy.java:352)
	at org.springframework.web.filter.DelegatingFilterProxy.doFilter(DelegatingFilterProxy.java:268)
	at org.springframework.test.web.servlet.setup.MockMvcFilterDecorator.doFilter(MockMvcFilterDecorator.java:151)
	at org.springframework.mock.web.MockFilterChain.doFilter(MockFilterChain.java:132)
	at org.springframework.web.filter.RequestContextFilter.doFilterInternal(RequestContextFilter.java:100)
	at org.springframework.web.filter.OncePerRequestFilter.doFilter(OncePerRequestFilter.java:116)
	at org.springframework.test.web.servlet.setup.MockMvcFilterDecorator.doFilter(MockMvcFilterDecorator.java:151)
	at org.springframework.mock.web.MockFilterChain.doFilter(MockFilterChain.java:132)
	at org.springframework.web.filter.FormContentFilter.doFilterInternal(FormContentFilter.java:93)
	at org.springframework.web.filter.OncePerRequestFilter.doFilter(OncePerRequestFilter.java:116)
	at org.springframework.test.web.servlet.setup.MockMvcFilterDecorator.doFilter(MockMvcFilterDecorator.java:151)
	at org.springframework.mock.web.MockFilterChain.doFilter(MockFilterChain.java:132)
	at org.springframework.web.filter.ServerHttpObservationFilter.doFilterInternal(ServerHttpObservationFilter.java:109)
	at org.springframework.web.filter.OncePerRequestFilter.doFilter(OncePerRequestFilter.java:116)
	at org.springframework.test.web.servlet.setup.MockMvcFilterDecorator.doFilter(MockMvcFilterDecorator.java:151)
	at org.springframework.mock.web.MockFilterChain.doFilter(MockFilterChain.java:132)
	at org.springframework.web.filter.CharacterEncodingFilter.doFilterInternal(CharacterEncodingFilter.java:201)
	at org.springframework.web.filter.OncePerRequestFilter.doFilter(OncePerRequestFilter.java:116)
	at org.springframework.test.web.servlet.setup.MockMvcFilterDecorator.doFilter(MockMvcFilterDecorator.java:151)
	at org.springframework.mock.web.MockFilterChain.doFilter(MockFilterChain.java:132)
	at org.springframework.test.web.servlet.MockMvc.perform(MockMvc.java:201)
	at com.usermanagement.integration.AuthIntegrationTest.login_Failure(AuthIntegrationTest.java:79)
	at java.base/jdk.internal.reflect.DirectMethodHandleAccessor.invoke(DirectMethodHandleAccessor.java:103)
	at java.base/java.lang.reflect.Method.invoke(Method.java:580)
	at org.junit.platform.commons.util.ReflectionUtils.invokeMethod(ReflectionUtils.java:728)
	at org.junit.jupiter.engine.execution.MethodInvocation.proceed(MethodInvocation.java:60)
	at org.junit.jupiter.engine.execution.InvocationInterceptorChain$ValidatingInvocation.proceed(InvocationInterceptorChain.java:131)
	at org.junit.jupiter.engine.extension.TimeoutExtension.intercept(TimeoutExtension.java:156)
	at org.junit.jupiter.engine.extension.TimeoutExtension.interceptTestableMethod(TimeoutExtension.java:147)
	at org.junit.jupiter.engine.extension.TimeoutExtension.interceptTestMethod(TimeoutExtension.java:86)
	at org.junit.jupiter.engine.execution.InterceptingExecutableInvoker$ReflectiveInterceptorCall.lambda$ofVoidMethod$0(InterceptingExecutableInvoker.java:103)
	at org.junit.jupiter.engine.execution.InterceptingExecutableInvoker.lambda$invoke$0(InterceptingExecutableInvoker.java:93)
	at org.junit.jupiter.engine.execution.InvocationInterceptorChain$InterceptedInvocation.proceed(InvocationInterceptorChain.java:106)
	at org.junit.jupiter.engine.execution.InvocationInterceptorChain.proceed(InvocationInterceptorChain.java:64)
	at org.junit.jupiter.engine.execution.InvocationInterceptorChain.chainAndInvoke(InvocationInterceptorChain.java:45)
	at org.junit.jupiter.engine.execution.InvocationInterceptorChain.invoke(InvocationInterceptorChain.java:37)
	at org.junit.jupiter.engine.execution.InterceptingExecutableInvoker.invoke(InterceptingExecutableInvoker.java:92)
	at org.junit.jupiter.engine.execution.InterceptingExecutableInvoker.invoke(InterceptingExecutableInvoker.java:86)
	at org.junit.jupiter.engine.descriptor.TestMethodTestDescriptor.lambda$invokeTestMethod$7(TestMethodTestDescriptor.java:218)
	at org.junit.platform.engine.support.hierarchical.ThrowableCollector.execute(ThrowableCollector.java:73)
	at org.junit.jupiter.engine.descriptor.TestMethodTestDescriptor.invokeTestMethod(TestMethodTestDescriptor.java:214)
	at org.junit.jupiter.engine.descriptor.TestMethodTestDescriptor.execute(TestMethodTestDescriptor.java:139)
	at org.junit.jupiter.engine.descriptor.TestMethodTestDescriptor.execute(TestMethodTestDescriptor.java:69)
	at org.junit.platform.engine.support.hierarchical.NodeTestTask.lambda$executeRecursively$6(NodeTestTask.java:151)
	at org.junit.platform.engine.support.hierarchical.ThrowableCollector.execute(ThrowableCollector.java:73)
	at org.junit.platform.engine.support.hierarchical.NodeTestTask.lambda$executeRecursively$8(NodeTestTask.java:141)
	at org.junit.platform.engine.support.hierarchical.Node.around(Node.java:137)
	at org.junit.platform.engine.support.hierarchical.NodeTestTask.lambda$executeRecursively$9(NodeTestTask.java:139)
	at org.junit.platform.engine.support.hierarchical.ThrowableCollector.execute(ThrowableCollector.java:73)
	at org.junit.platform.engine.support.hierarchical.NodeTestTask.executeRecursively(NodeTestTask.java:138)
	at org.junit.platform.engine.support.hierarchical.NodeTestTask.execute(NodeTestTask.java:95)
	at java.base/java.util.ArrayList.forEach(ArrayList.java:1596)
	at org.junit.platform.engine.support.hierarchical.SameThreadHierarchicalTestExecutorService.invokeAll(SameThreadHierarchicalTestExecutorService.java:41)
	at org.junit.platform.engine.support.hierarchical.NodeTestTask.lambda$executeRecursively$6(NodeTestTask.java:155)
	at org.junit.platform.engine.support.hierarchical.ThrowableCollector.execute(ThrowableCollector.java:73)
	at org.junit.platform.engine.support.hierarchical.NodeTestTask.lambda$executeRecursively$8(NodeTestTask.java:141)
	at org.junit.platform.engine.support.hierarchical.Node.around(Node.java:137)
	at org.junit.platform.engine.support.hierarchical.NodeTestTask.lambda$executeRecursively$9(NodeTestTask.java:139)
	at org.junit.platform.engine.support.hierarchical.ThrowableCollector.execute(ThrowableCollector.java:73)
	at org.junit.platform.engine.support.hierarchical.NodeTestTask.executeRecursively(NodeTestTask.java:138)
	at org.junit.platform.engine.support.hierarchical.NodeTestTask.execute(NodeTestTask.java:95)
	at java.base/java.util.ArrayList.forEach(ArrayList.java:1596)
	at org.junit.platform.engine.support.hierarchical.SameThreadHierarchicalTestExecutorService.invokeAll(SameThreadHierarchicalTestExecutorService.java:41)
	at org.junit.platform.engine.support.hierarchical.NodeTestTask.lambda$executeRecursively$6(NodeTestTask.java:155)
	at org.junit.platform.engine.support.hierarchical.ThrowableCollector.execute(ThrowableCollector.java:73)
	at org.junit.platform.engine.support.hierarchical.NodeTestTask.lambda$executeRecursively$8(NodeTestTask.java:141)
	at org.junit.platform.engine.support.hierarchical.Node.around(Node.java:137)
	at org.junit.platform.engine.support.hierarchical.NodeTestTask.lambda$executeRecursively$9(NodeTestTask.java:139)
	at org.junit.platform.engine.support.hierarchical.ThrowableCollector.execute(ThrowableCollector.java:73)
	at org.junit.platform.engine.support.hierarchical.NodeTestTask.executeRecursively(NodeTestTask.java:138)
	at org.junit.platform.engine.support.hierarchical.NodeTestTask.execute(NodeTestTask.java:95)
	at org.junit.platform.engine.support.hierarchical.SameThreadHierarchicalTestExecutorService.submit(SameThreadHierarchicalTestExecutorService.java:35)
	at org.junit.platform.engine.support.hierarchical.HierarchicalTestExecutor.execute(HierarchicalTestExecutor.java:57)
	at org.junit.platform.engine.support.hierarchical.HierarchicalTestEngine.execute(HierarchicalTestEngine.java:54)
	at org.junit.platform.launcher.core.EngineExecutionOrchestrator.execute(EngineExecutionOrchestrator.java:198)
	at org.junit.platform.launcher.core.EngineExecutionOrchestrator.execute(EngineExecutionOrchestrator.java:169)
	at org.junit.platform.launcher.core.EngineExecutionOrchestrator.execute(EngineExecutionOrchestrator.java:93)
	at org.junit.platform.launcher.core.EngineExecutionOrchestrator.lambda$execute$0(EngineExecutionOrchestrator.java:58)
	at org.junit.platform.launcher.core.EngineExecutionOrchestrator.withInterceptedStreams(EngineExecutionOrchestrator.java:141)
	at org.junit.platform.launcher.core.EngineExecutionOrchestrator.execute(EngineExecutionOrchestrator.java:57)
	at org.junit.platform.launcher.core.DefaultLauncher.execute(DefaultLauncher.java:103)
	at org.junit.platform.launcher.core.DefaultLauncher.execute(DefaultLauncher.java:85)
	at org.junit.platform.launcher.core.DelegatingLauncher.execute(DelegatingLauncher.java:47)
	at org.apache.maven.surefire.junitplatform.LazyLauncher.execute(LazyLauncher.java:55)
	at org.apache.maven.surefire.junitplatform.JUnitPlatformProvider.execute(JUnitPlatformProvider.java:223)
	at org.apache.maven.surefire.junitplatform.JUnitPlatformProvider.invokeAllTests(JUnitPlatformProvider.java:175)
	at org.apache.maven.surefire.junitplatform.JUnitPlatformProvider.invoke(JUnitPlatformProvider.java:139)
	at org.apache.maven.surefire.booter.ForkedBooter.runSuitesInProcess(ForkedBooter.java:456)
	at org.apache.maven.surefire.booter.ForkedBooter.execute(ForkedBooter.java:169)
	at org.apache.maven.surefire.booter.ForkedBooter.run(ForkedBooter.java:595)
	at org.apache.maven.surefire.booter.ForkedBooter.main(ForkedBooter.java:581)
2025-06-24T03:34:52.529+05:30 DEBUG 79853 --- [user-management-system] [           main] o.s.w.s.m.m.a.HttpEntityMethodProcessor  : Using 'text/plain', given [*/*] and supported [text/plain, */*, application/json, application/*+json]
2025-06-24T03:34:52.529+05:30 DEBUG 79853 --- [user-management-system] [           main] o.s.w.s.m.m.a.HttpEntityMethodProcessor  : Writing ["Invalid credentials: Bad credentials"]
2025-06-24T03:34:52.530+05:30 TRACE 79853 --- [user-management-system] [           main] o.s.s.w.header.writers.HstsHeaderWriter  : Not injecting HSTS header since it did not match request to [Is Secure]
]]></system-out>
  </testcase>
</testsuite>