<?xml version="1.0" encoding="UTF-8"?>
<testsuite xmlns:xsi="http://www.w3.org/2001/XMLSchema-instance" xsi:noNamespaceSchemaLocation="https://maven.apache.org/surefire/maven-surefire-plugin/xsd/surefire-test-report-3.0.xsd" version="3.0" name="com.usermanagement.repository.RoleRepositoryTest" time="1.007" tests="4" errors="0" skipped="0" failures="0">
  <properties>
[...]
</properties>
  <testcase name="shouldFindByName" classname="com.usermanagement.repository.RoleRepositoryTest" time="0.018">
    <system-out><![CDATA[2025-06-24T13:41:57.938+05:30  INFO 23990 --- [user-management-system] [           main] t.c.s.AnnotationConfigContextLoaderUtils : Could not detect default configuration classes for test class [com.usermanagement.repository.RoleRepositoryTest]: RoleRepositoryTest does not declare any static, non-private, non-final, nested classes annotated with @Configuration.
2025-06-24T13:41:57.961+05:30  INFO 23990 --- [user-management-system] [           main] .b.t.c.SpringBootTestContextBootstrapper : Found @SpringBootConfiguration com.usermanagement.UserManagementApplication for test class com.usermanagement.repository.RoleRepositoryTest

  .   ____          _            __ _ _
 /\\ / ___'_ __ _ _(_)_ __  __ _ \ \ \ \
( ( )\___ | '_ | '_| | '_ \/ _` | \ \ \ \
 \\/  ___)| |_)| | | | | || (_| |  ) ) ) )
  '  |____| .__|_| |_|_| |_\__, | / / / /
 =========|_|==============|___/=/_/_/_/
 :: Spring Boot ::                (v3.2.5)

2025-06-24T13:41:58.031+05:30  INFO 23990 --- [user-management-system] [           main] c.u.repository.RoleRepositoryTest        : Starting RoleRepositoryTest using Java 21.0.7 with PID 23990 (started by dhanalakshmi in /home/dhanalakshmi/Documents/cursor/User_Management)
2025-06-24T13:41:58.031+05:30 DEBUG 23990 --- [user-management-system] [           main] c.u.repository.RoleRepositoryTest        : Running with Spring Boot v3.2.5, Spring v6.1.6
2025-06-24T13:41:58.032+05:30  INFO 23990 --- [user-management-system] [           main] c.u.repository.RoleRepositoryTest        : The following 1 profile is active: "test"
2025-06-24T13:41:58.138+05:30  INFO 23990 --- [user-management-system] [           main] .s.d.r.c.RepositoryConfigurationDelegate : Multiple Spring Data modules found, entering strict repository configuration mode
2025-06-24T13:41:58.138+05:30  INFO 23990 --- [user-management-system] [           main] .s.d.r.c.RepositoryConfigurationDelegate : Bootstrapping Spring Data JPA repositories in DEFAULT mode.
2025-06-24T13:41:58.165+05:30  INFO 23990 --- [user-management-system] [           main] .s.d.r.c.RepositoryConfigurationDelegate : Finished Spring Data repository scanning in 27 ms. Found 5 JPA repository interfaces.
2025-06-24T13:41:58.238+05:30  INFO 23990 --- [user-management-system] [           main] o.hibernate.jpa.internal.util.LogHelper  : HHH000204: Processing PersistenceUnitInfo [name: default]
2025-06-24T13:41:58.241+05:30  INFO 23990 --- [user-management-system] [           main] o.h.c.internal.RegionFactoryInitiator    : HHH000026: Second-level cache disabled
2025-06-24T13:41:58.245+05:30  INFO 23990 --- [user-management-system] [           main] o.s.o.j.p.SpringPersistenceUnitInfo      : No LoadTimeWeaver setup: ignoring JPA class transformer
2025-06-24T13:41:58.246+05:30  INFO 23990 --- [user-management-system] [           main] com.zaxxer.hikari.HikariDataSource       : HikariCP - Starting...
2025-06-24T13:41:58.270+05:30  INFO 23990 --- [user-management-system] [           main] com.zaxxer.hikari.pool.HikariPool        : HikariCP - Added connection org.postgresql.jdbc.PgConnection@32d5347b
2025-06-24T13:41:58.271+05:30  INFO 23990 --- [user-management-system] [           main] com.zaxxer.hikari.HikariDataSource       : HikariCP - Start completed.
2025-06-24T13:41:58.274+05:30  WARN 23990 --- [user-management-system] [           main] org.hibernate.orm.deprecation            : HHH90000025: PostgreSQLDialect does not need to be specified explicitly using 'hibernate.dialect' (remove the property setting and it will be selected by default)
2025-06-24T13:41:58.276+05:30 DEBUG 23990 --- [user-management-system] [           main] o.h.t.d.sql.spi.DdlTypeRegistry          : addDescriptor(2003, org.hibernate.type.descriptor.sql.internal.ArrayDdlTypeImpl@5f584f18) replaced previous registration(org.hibernate.type.descriptor.sql.internal.ArrayDdlTypeImpl@5fd116f)
2025-06-24T13:41:58.276+05:30 DEBUG 23990 --- [user-management-system] [           main] o.h.t.d.sql.spi.DdlTypeRegistry          : addDescriptor(6, org.hibernate.type.descriptor.sql.internal.CapacityDependentDdlType@7c76355e) replaced previous registration(org.hibernate.type.descriptor.sql.internal.DdlTypeImpl@724e379c)
2025-06-24T13:41:58.444+05:30  INFO 23990 --- [user-management-system] [           main] o.h.e.t.j.p.i.JtaPlatformInitiator       : HHH000489: No JTA platform available (set 'hibernate.transaction.jta.platform' to enable JTA platform integration)
2025-06-24T13:41:58.445+05:30 DEBUG 23990 --- [user-management-system] [           main] org.hibernate.SQL                        : 
    alter table if exists access_requests 
       drop constraint if exists FKjk1j0bblp8hyldvpaxy4jryl5
Hibernate: 
    alter table if exists access_requests 
       drop constraint if exists FKjk1j0bblp8hyldvpaxy4jryl5
2025-06-24T13:41:58.451+05:30 DEBUG 23990 --- [user-management-system] [           main] org.hibernate.SQL                        : 
    alter table if exists access_requests 
       drop constraint if exists FK4gme3c7759k26wocny0tbd1ix
Hibernate: 
    alter table if exists access_requests 
       drop constraint if exists FK4gme3c7759k26wocny0tbd1ix
2025-06-24T13:41:58.455+05:30 DEBUG 23990 --- [user-management-system] [           main] org.hibernate.SQL                        : 
    alter table if exists audit_logs 
       drop constraint if exists FKjs4iimve3y0xssbtve5ysyef0
Hibernate: 
    alter table if exists audit_logs 
       drop constraint if exists FKjs4iimve3y0xssbtve5ysyef0
2025-06-24T13:41:58.458+05:30 DEBUG 23990 --- [user-management-system] [           main] org.hibernate.SQL                        : 
    alter table if exists role_permissions 
       drop constraint if exists FKegdk29eiy7mdtefy5c7eirr6e
Hibernate: 
    alter table if exists role_permissions 
       drop constraint if exists FKegdk29eiy7mdtefy5c7eirr6e
2025-06-24T13:41:58.461+05:30 DEBUG 23990 --- [user-management-system] [           main] org.hibernate.SQL                        : 
    alter table if exists role_permissions 
       drop constraint if exists FKn5fotdgk8d1xvo8nav9uv3muc
Hibernate: 
    alter table if exists role_permissions 
       drop constraint if exists FKn5fotdgk8d1xvo8nav9uv3muc
2025-06-24T13:41:58.465+05:30 DEBUG 23990 --- [user-management-system] [           main] org.hibernate.SQL                        : 
    alter table if exists user_roles 
       drop constraint if exists FKh8ciramu9cc9q3qcqiv4ue8a6
Hibernate: 
    alter table if exists user_roles 
       drop constraint if exists FKh8ciramu9cc9q3qcqiv4ue8a6
2025-06-24T13:41:58.468+05:30 DEBUG 23990 --- [user-management-system] [           main] org.hibernate.SQL                        : 
    alter table if exists user_roles 
       drop constraint if exists FKhfh9dx7w3ubf1co1vdev94g3f
Hibernate: 
    alter table if exists user_roles 
       drop constraint if exists FKhfh9dx7w3ubf1co1vdev94g3f
2025-06-24T13:41:58.471+05:30 DEBUG 23990 --- [user-management-system] [           main] org.hibernate.SQL                        : 
    drop table if exists access_requests cascade
Hibernate: 
    drop table if exists access_requests cascade
2025-06-24T13:41:58.475+05:30 DEBUG 23990 --- [user-management-system] [           main] org.hibernate.SQL                        : 
    drop table if exists audit_logs cascade
Hibernate: 
    drop table if exists audit_logs cascade
2025-06-24T13:41:58.479+05:30 DEBUG 23990 --- [user-management-system] [           main] org.hibernate.SQL                        : 
    drop table if exists permissions cascade
Hibernate: 
    drop table if exists permissions cascade
2025-06-24T13:41:58.484+05:30 DEBUG 23990 --- [user-management-system] [           main] org.hibernate.SQL                        : 
    drop table if exists role_permissions cascade
Hibernate: 
    drop table if exists role_permissions cascade
2025-06-24T13:41:58.487+05:30 DEBUG 23990 --- [user-management-system] [           main] org.hibernate.SQL                        : 
    drop table if exists roles cascade
Hibernate: 
    drop table if exists roles cascade
2025-06-24T13:41:58.492+05:30 DEBUG 23990 --- [user-management-system] [           main] org.hibernate.SQL                        : 
    drop table if exists user_roles cascade
Hibernate: 
    drop table if exists user_roles cascade
2025-06-24T13:41:58.496+05:30 DEBUG 23990 --- [user-management-system] [           main] org.hibernate.SQL                        : 
    drop table if exists users cascade
Hibernate: 
    drop table if exists users cascade
2025-06-24T13:41:58.501+05:30 DEBUG 23990 --- [user-management-system] [           main] org.hibernate.SQL                        : 
    create table access_requests (
        created_at timestamp(6) not null,
        id bigserial not null,
        role_id bigint not null,
        updated_at timestamp(6) not null,
        user_id bigint not null,
        reason varchar(255),
        response_message varchar(255),
        status varchar(255) not null check (status in ('PENDING','APPROVED','REJECTED')),
        primary key (id)
    )
Hibernate: 
    create table access_requests (
        created_at timestamp(6) not null,
        id bigserial not null,
        role_id bigint not null,
        updated_at timestamp(6) not null,
        user_id bigint not null,
        reason varchar(255),
        response_message varchar(255),
        status varchar(255) not null check (status in ('PENDING','APPROVED','REJECTED')),
        primary key (id)
    )
2025-06-24T13:41:58.518+05:30 DEBUG 23990 --- [user-management-system] [           main] org.hibernate.SQL                        : 
    create table audit_logs (
        id bigserial not null,
        timestamp TIMESTAMP WITHOUT TIME ZONE not null,
        user_id bigint not null,
        action varchar(255) not null,
        details TEXT,
        primary key (id)
    )
Hibernate: 
    create table audit_logs (
        id bigserial not null,
        timestamp TIMESTAMP WITHOUT TIME ZONE not null,
        user_id bigint not null,
        action varchar(255) not null,
        details TEXT,
        primary key (id)
    )
2025-06-24T13:41:58.535+05:30 DEBUG 23990 --- [user-management-system] [           main] org.hibernate.SQL                        : 
    create table permissions (
        id bigserial not null,
        description varchar(255),
        name varchar(255) not null unique,
        primary key (id)
    )
Hibernate: 
    create table permissions (
        id bigserial not null,
        description varchar(255),
        name varchar(255) not null unique,
        primary key (id)
    )
2025-06-24T13:41:58.557+05:30 DEBUG 23990 --- [user-management-system] [           main] org.hibernate.SQL                        : 
    create table role_permissions (
        permission_id bigint not null,
        role_id bigint not null,
        primary key (permission_id, role_id)
    )
Hibernate: 
    create table role_permissions (
        permission_id bigint not null,
        role_id bigint not null,
        primary key (permission_id, role_id)
    )
2025-06-24T13:41:58.565+05:30 DEBUG 23990 --- [user-management-system] [           main] org.hibernate.SQL                        : 
    create table roles (
        id bigserial not null,
        description varchar(255),
        name varchar(255) not null unique,
        primary key (id)
    )
Hibernate: 
    create table roles (
        id bigserial not null,
        description varchar(255),
        name varchar(255) not null unique,
        primary key (id)
    )
2025-06-24T13:41:58.581+05:30 DEBUG 23990 --- [user-management-system] [           main] org.hibernate.SQL                        : 
    create table user_roles (
        role_id bigint not null,
        user_id bigint not null,
        primary key (role_id, user_id)
    )
Hibernate: 
    create table user_roles (
        role_id bigint not null,
        user_id bigint not null,
        primary key (role_id, user_id)
    )
2025-06-24T13:41:58.589+05:30 DEBUG 23990 --- [user-management-system] [           main] org.hibernate.SQL                        : 
    create table users (
        created_at timestamp(6) not null,
        id bigserial not null,
        last_login timestamp(6),
        updated_at timestamp(6) not null,
        email varchar(255) not null unique,
        name varchar(255) not null,
        password varchar(255) not null,
        status varchar(255) not null check (status in ('ACTIVE','INACTIVE','SUSPENDED','DELETED')),
        primary key (id)
    )
Hibernate: 
    create table users (
        created_at timestamp(6) not null,
        id bigserial not null,
        last_login timestamp(6),
        updated_at timestamp(6) not null,
        email varchar(255) not null unique,
        name varchar(255) not null,
        password varchar(255) not null,
        status varchar(255) not null check (status in ('ACTIVE','INACTIVE','SUSPENDED','DELETED')),
        primary key (id)
    )
2025-06-24T13:41:58.606+05:30 DEBUG 23990 --- [user-management-system] [           main] org.hibernate.SQL                        : 
    alter table if exists access_requests 
       add constraint FKjk1j0bblp8hyldvpaxy4jryl5 
       foreign key (role_id) 
       references roles
Hibernate: 
    alter table if exists access_requests 
       add constraint FKjk1j0bblp8hyldvpaxy4jryl5 
       foreign key (role_id) 
       references roles
2025-06-24T13:41:58.611+05:30 DEBUG 23990 --- [user-management-system] [           main] org.hibernate.SQL                        : 
    alter table if exists access_requests 
       add constraint FK4gme3c7759k26wocny0tbd1ix 
       foreign key (user_id) 
       references users
Hibernate: 
    alter table if exists access_requests 
       add constraint FK4gme3c7759k26wocny0tbd1ix 
       foreign key (user_id) 
       references users
2025-06-24T13:41:58.615+05:30 DEBUG 23990 --- [user-management-system] [           main] org.hibernate.SQL                        : 
    alter table if exists audit_logs 
       add constraint FKjs4iimve3y0xssbtve5ysyef0 
       foreign key (user_id) 
       references users
Hibernate: 
    alter table if exists audit_logs 
       add constraint FKjs4iimve3y0xssbtve5ysyef0 
       foreign key (user_id) 
       references users
2025-06-24T13:41:58.619+05:30 DEBUG 23990 --- [user-management-system] [           main] org.hibernate.SQL                        : 
    alter table if exists role_permissions 
       add constraint FKegdk29eiy7mdtefy5c7eirr6e 
       foreign key (permission_id) 
       references permissions
Hibernate: 
    alter table if exists role_permissions 
       add constraint FKegdk29eiy7mdtefy5c7eirr6e 
       foreign key (permission_id) 
       references permissions
2025-06-24T13:41:58.623+05:30 DEBUG 23990 --- [user-management-system] [           main] org.hibernate.SQL                        : 
    alter table if exists role_permissions 
       add constraint FKn5fotdgk8d1xvo8nav9uv3muc 
       foreign key (role_id) 
       references roles
Hibernate: 
    alter table if exists role_permissions 
       add constraint FKn5fotdgk8d1xvo8nav9uv3muc 
       foreign key (role_id) 
       references roles
2025-06-24T13:41:58.627+05:30 DEBUG 23990 --- [user-management-system] [           main] org.hibernate.SQL                        : 
    alter table if exists user_roles 
       add constraint FKh8ciramu9cc9q3qcqiv4ue8a6 
       foreign key (role_id) 
       references roles
Hibernate: 
    alter table if exists user_roles 
       add constraint FKh8ciramu9cc9q3qcqiv4ue8a6 
       foreign key (role_id) 
       references roles
2025-06-24T13:41:58.632+05:30 DEBUG 23990 --- [user-management-system] [           main] org.hibernate.SQL                        : 
    alter table if exists user_roles 
       add constraint FKhfh9dx7w3ubf1co1vdev94g3f 
       foreign key (user_id) 
       references users
Hibernate: 
    alter table if exists user_roles 
       add constraint FKhfh9dx7w3ubf1co1vdev94g3f 
       foreign key (user_id) 
       references users
2025-06-24T13:41:58.636+05:30  INFO 23990 --- [user-management-system] [           main] j.LocalContainerEntityManagerFactoryBean : Initialized JPA EntityManagerFactory for persistence unit 'default'
2025-06-24T13:41:58.853+05:30  INFO 23990 --- [user-management-system] [           main] c.u.repository.RoleRepositoryTest        : Started RoleRepositoryTest in 0.885 seconds (process running for 37.826)
2025-06-24T13:41:58.862+05:30 DEBUG 23990 --- [user-management-system] [           main] org.hibernate.SQL                        : 
    insert 
    into
        roles
        (description, name) 
    values
        (?, ?)
Hibernate: 
    insert 
    into
        roles
        (description, name) 
    values
        (?, ?)
2025-06-24T13:41:58.867+05:30 DEBUG 23990 --- [user-management-system] [           main] org.hibernate.SQL                        : 
    select
        r1_0.id,
        r1_0.description,
        r1_0.name 
    from
        roles r1_0 
    where
        r1_0.name=?
Hibernate: 
    select
        r1_0.id,
        r1_0.description,
        r1_0.name 
    from
        roles r1_0 
    where
        r1_0.name=?
]]></system-out>
  </testcase>
  <testcase name="shouldFindByNameIn" classname="com.usermanagement.repository.RoleRepositoryTest" time="0.025">
    <system-out><![CDATA[2025-06-24T13:41:58.882+05:30 DEBUG 23990 --- [user-management-system] [           main] org.hibernate.SQL                        : 
    insert 
    into
        roles
        (description, name) 
    values
        (?, ?)
Hibernate: 
    insert 
    into
        roles
        (description, name) 
    values
        (?, ?)
2025-06-24T13:41:58.884+05:30 DEBUG 23990 --- [user-management-system] [           main] org.hibernate.SQL                        : 
    insert 
    into
        roles
        (description, name) 
    values
        (?, ?)
Hibernate: 
    insert 
    into
        roles
        (description, name) 
    values
        (?, ?)
2025-06-24T13:41:58.895+05:30 DEBUG 23990 --- [user-management-system] [           main] org.hibernate.SQL                        : 
    select
        r1_0.id,
        r1_0.description,
        r1_0.name 
    from
        roles r1_0 
    where
        r1_0.name in (?, ?)
Hibernate: 
    select
        r1_0.id,
        r1_0.description,
        r1_0.name 
    from
        roles r1_0 
    where
        r1_0.name in (?, ?)
]]></system-out>
  </testcase>
  <testcase name="shouldCheckIfNameExists" classname="com.usermanagement.repository.RoleRepositoryTest" time="0.023">
    <system-out><![CDATA[2025-06-24T13:41:58.909+05:30 DEBUG 23990 --- [user-management-system] [           main] org.hibernate.SQL                        : 
    insert 
    into
        roles
        (description, name) 
    values
        (?, ?)
Hibernate: 
    insert 
    into
        roles
        (description, name) 
    values
        (?, ?)
2025-06-24T13:41:58.916+05:30 DEBUG 23990 --- [user-management-system] [           main] org.hibernate.SQL                        : 
    select
        r1_0.id 
    from
        roles r1_0 
    where
        r1_0.name=? 
    fetch
        first ? rows only
Hibernate: 
    select
        r1_0.id 
    from
        roles r1_0 
    where
        r1_0.name=? 
    fetch
        first ? rows only
2025-06-24T13:41:58.919+05:30 DEBUG 23990 --- [user-management-system] [           main] org.hibernate.SQL                        : 
    select
        r1_0.id 
    from
        roles r1_0 
    where
        r1_0.name=? 
    fetch
        first ? rows only
Hibernate: 
    select
        r1_0.id 
    from
        roles r1_0 
    where
        r1_0.name=? 
    fetch
        first ? rows only
]]></system-out>
  </testcase>
  <testcase name="shouldSaveRole" classname="com.usermanagement.repository.RoleRepositoryTest" time="0.014">
    <system-out><![CDATA[2025-06-24T13:41:58.934+05:30 DEBUG 23990 --- [user-management-system] [           main] org.hibernate.SQL                        : 
    insert 
    into
        roles
        (description, name) 
    values
        (?, ?)
Hibernate: 
    insert 
    into
        roles
        (description, name) 
    values
        (?, ?)
]]></system-out>
  </testcase>
</testsuite>