<?xml version="1.0" encoding="UTF-8"?>
<testsuite xmlns:xsi="http://www.w3.org/2001/XMLSchema-instance" xsi:noNamespaceSchemaLocation="https://maven.apache.org/surefire/maven-surefire-plugin/xsd/surefire-test-report-3.0.xsd" version="3.0" name="com.usermanagement.integration.AuditLoggingAspectIntegrationTest" time="0.529" tests="1" errors="0" skipped="0" failures="0">
  <properties>
[...]
</properties>
  <testcase name="createUser_createsAuditLog" classname="com.usermanagement.integration.AuditLoggingAspectIntegrationTest" time="0.494">
    <system-out><![CDATA[2025-06-23T23:32:17.022+05:30  INFO 34438 --- [user-management-system] [           main] t.c.s.AnnotationConfigContextLoaderUtils : Could not detect default configuration classes for test class [com.usermanagement.integration.AuditLoggingAspectIntegrationTest]: AuditLoggingAspectIntegrationTest does not declare any static, non-private, non-final, nested classes annotated with @Configuration.
2025-06-23T23:32:17.029+05:30  INFO 34438 --- [user-management-system] [           main] .b.t.c.SpringBootTestContextBootstrapper : Found @SpringBootConfiguration com.usermanagement.UserManagementApplication for test class com.usermanagement.integration.AuditLoggingAspectIntegrationTest
2025-06-23T23:32:17.085+05:30 DEBUG 34438 --- [user-management-system] [           main] org.hibernate.SQL                        : 
    select
        al1_0.id,
        al1_0.action,
        al1_0.details,
        al1_0.timestamp,
        al1_0.user_id 
    from
        audit_logs al1_0
2025-06-23T23:32:17.093+05:30 DEBUG 34438 --- [user-management-system] [           main] org.hibernate.SQL                        : 
    select
        u1_0.id,
        u1_0.created_at,
        u1_0.email,
        u1_0.last_login,
        u1_0.name,
        u1_0.password,
        u1_0.status,
        u1_0.updated_at 
    from
        users u1_0
2025-06-23T23:32:17.138+05:30 DEBUG 34438 --- [user-management-system] [           main] org.hibernate.SQL                        : 
    select
        r1_0.id,
        r1_0.description,
        r1_0.name 
    from
        roles r1_0
2025-06-23T23:32:17.144+05:30 DEBUG 34438 --- [user-management-system] [           main] org.hibernate.SQL                        : 
    insert 
    into
        roles
        (description, name) 
    values
        (?, ?)
2025-06-23T23:32:17.252+05:30 DEBUG 34438 --- [user-management-system] [           main] org.hibernate.SQL                        : 
    insert 
    into
        users
        (created_at, email, last_login, name, password, status, updated_at) 
    values
        (?, ?, ?, ?, ?, ?, ?)
2025-06-23T23:32:17.270+05:30 TRACE 34438 --- [user-management-system] [           main] o.s.security.web.FilterChainProxy        : Trying to match request against DefaultSecurityFilterChain [RequestMatcher=any request, Filters=[org.springframework.security.web.session.DisableEncodeUrlFilter@70d2bdfb, org.springframework.security.web.context.request.async.WebAsyncManagerIntegrationFilter@3bf5b555, org.springframework.security.web.context.SecurityContextHolderFilter@775b829, org.springframework.security.web.header.HeaderWriterFilter@1b5e8a1a, org.springframework.web.filter.CorsFilter@2f288883, org.springframework.security.web.authentication.logout.LogoutFilter@33a5f2b3, com.usermanagement.security.JwtAuthenticationFilter@4d9ce295, org.springframework.security.web.savedrequest.RequestCacheAwareFilter@7e1f1876, org.springframework.security.web.servletapi.SecurityContextHolderAwareRequestFilter@6de1ab4e, org.springframework.security.web.authentication.AnonymousAuthenticationFilter@1f75d01e, org.springframework.security.web.session.SessionManagementFilter@65b65bdb, org.springframework.security.web.access.ExceptionTranslationFilter@5e3f61, org.springframework.security.web.access.intercept.AuthorizationFilter@2bb29618]] (1/1)
2025-06-23T23:32:17.270+05:30 DEBUG 34438 --- [user-management-system] [           main] o.s.security.web.FilterChainProxy        : Securing POST /api/users
2025-06-23T23:32:17.270+05:30 TRACE 34438 --- [user-management-system] [           main] o.s.security.web.FilterChainProxy        : Invoking DisableEncodeUrlFilter (1/13)
2025-06-23T23:32:17.271+05:30 TRACE 34438 --- [user-management-system] [           main] o.s.security.web.FilterChainProxy        : Invoking WebAsyncManagerIntegrationFilter (2/13)
2025-06-23T23:32:17.271+05:30 TRACE 34438 --- [user-management-system] [           main] o.s.security.web.FilterChainProxy        : Invoking SecurityContextHolderFilter (3/13)
2025-06-23T23:32:17.271+05:30 TRACE 34438 --- [user-management-system] [           main] o.s.security.web.FilterChainProxy        : Invoking HeaderWriterFilter (4/13)
2025-06-23T23:32:17.271+05:30 TRACE 34438 --- [user-management-system] [           main] o.s.security.web.FilterChainProxy        : Invoking CorsFilter (5/13)
2025-06-23T23:32:17.272+05:30 TRACE 34438 --- [user-management-system] [           main] o.s.security.web.FilterChainProxy        : Invoking LogoutFilter (6/13)
2025-06-23T23:32:17.272+05:30 TRACE 34438 --- [user-management-system] [           main] o.s.s.w.a.logout.LogoutFilter            : Did not match request to Or [Ant [pattern='/logout', GET], Ant [pattern='/logout', POST], Ant [pattern='/logout', PUT], Ant [pattern='/logout', DELETE]]
2025-06-23T23:32:17.272+05:30 TRACE 34438 --- [user-management-system] [           main] o.s.security.web.FilterChainProxy        : Invoking JwtAuthenticationFilter (7/13)
CustomUserDetailsService: Loading user by username: admin@example.com
2025-06-23T23:32:17.308+05:30 DEBUG 34438 --- [user-management-system] [           main] org.hibernate.SQL                        : 
    delete 
    from
        user_roles 
    where
        user_id=?
2025-06-23T23:32:17.310+05:30 DEBUG 34438 --- [user-management-system] [           main] org.hibernate.SQL                        : 
    delete 
    from
        role_permissions 
    where
        role_id=?
2025-06-23T23:32:17.312+05:30 DEBUG 34438 --- [user-management-system] [           main] org.hibernate.SQL                        : 
    insert 
    into
        user_roles
        (user_id, role_id) 
    values
        (?, ?)
2025-06-23T23:32:17.317+05:30 DEBUG 34438 --- [user-management-system] [           main] org.hibernate.SQL                        : 
    delete 
    from
        users 
    where
        id=?
2025-06-23T23:32:17.321+05:30 DEBUG 34438 --- [user-management-system] [           main] org.hibernate.SQL                        : 
    delete 
    from
        roles 
    where
        id=?
2025-06-23T23:32:17.324+05:30 DEBUG 34438 --- [user-management-system] [           main] org.hibernate.SQL                        : 
    select
        u1_0.id,
        u1_0.created_at,
        u1_0.email,
        u1_0.last_login,
        u1_0.name,
        u1_0.password,
        r1_0.user_id,
        r1_1.id,
        r1_1.description,
        r1_1.name,
        u1_0.status,
        u1_0.updated_at 
    from
        users u1_0 
    left join
        user_roles r1_0 
            on u1_0.id=r1_0.user_id 
    left join
        roles r1_1 
            on r1_1.id=r1_0.role_id 
    where
        u1_0.email=?
[DEBUG] Password hash loaded for user: $2a$10$lX/HpFQDwscZr6Pm.blZ2OUckzCVFrMRvMrmD5JfjYja3ggA9e3i2
2025-06-23T23:32:17.326+05:30 TRACE 34438 --- [user-management-system] [           main] .s.s.w.c.SupplierDeferredSecurityContext : Created SecurityContextImpl [Null authentication]
2025-06-23T23:32:17.327+05:30 TRACE 34438 --- [user-management-system] [           main] o.s.security.web.FilterChainProxy        : Invoking RequestCacheAwareFilter (8/13)
2025-06-23T23:32:17.327+05:30 TRACE 34438 --- [user-management-system] [           main] o.s.security.web.FilterChainProxy        : Invoking SecurityContextHolderAwareRequestFilter (9/13)
2025-06-23T23:32:17.327+05:30 TRACE 34438 --- [user-management-system] [           main] o.s.security.web.FilterChainProxy        : Invoking AnonymousAuthenticationFilter (10/13)
2025-06-23T23:32:17.327+05:30 TRACE 34438 --- [user-management-system] [           main] o.s.security.web.FilterChainProxy        : Invoking SessionManagementFilter (11/13)
2025-06-23T23:32:17.328+05:30 TRACE 34438 --- [user-management-system] [           main] o.s.s.w.a.AnonymousAuthenticationFilter  : Did not set SecurityContextHolder since already authenticated UsernamePasswordAuthenticationToken [Principal=com.usermanagement.security.UserPrincipal@4340cb02, Credentials=[PROTECTED], Authenticated=true, Details=WebAuthenticationDetails [RemoteIpAddress=127.0.0.1, SessionId=null], Granted Authorities=[ROLE_ADMIN]]
2025-06-23T23:32:17.328+05:30 TRACE 34438 --- [user-management-system] [           main] s.CompositeSessionAuthenticationStrategy : Preparing session with ChangeSessionIdAuthenticationStrategy (1/1)
2025-06-23T23:32:17.328+05:30 TRACE 34438 --- [user-management-system] [           main] o.s.security.web.FilterChainProxy        : Invoking ExceptionTranslationFilter (12/13)
2025-06-23T23:32:17.329+05:30 TRACE 34438 --- [user-management-system] [           main] o.s.security.web.FilterChainProxy        : Invoking AuthorizationFilter (13/13)
2025-06-23T23:32:17.329+05:30 TRACE 34438 --- [user-management-system] [           main] estMatcherDelegatingAuthorizationManager : Authorizing SecurityContextHolderAwareRequestWrapper[ org.springframework.security.web.header.HeaderWriterFilter$HeaderWriterRequest@1097e7eb]
2025-06-23T23:32:17.329+05:30 TRACE 34438 --- [user-management-system] [           main] estMatcherDelegatingAuthorizationManager : Checking authorization on SecurityContextHolderAwareRequestWrapper[ org.springframework.security.web.header.HeaderWriterFilter$HeaderWriterRequest@1097e7eb] using org.springframework.security.authorization.AuthenticatedAuthorizationManager@5ae72481
2025-06-23T23:32:17.330+05:30 DEBUG 34438 --- [user-management-system] [           main] o.s.security.web.FilterChainProxy        : Secured POST /api/users
2025-06-23T23:32:17.330+05:30 DEBUG 34438 --- [user-management-system] [           main] s.w.s.m.m.a.RequestMappingHandlerMapping : Mapped to com.usermanagement.controller.UserController#createUser(UserDto)
2025-06-23T23:32:17.344+05:30 DEBUG 34438 --- [user-management-system] [           main] m.m.a.RequestResponseBodyMethodProcessor : Read "application/json;charset=UTF-8" to [com.usermanagement.dto.UserDto@1f]
2025-06-23T23:32:17.406+05:30 DEBUG 34438 --- [user-management-system] [           main] org.hibernate.SQL                        : 
    select
        u1_0.id 
    from
        users u1_0 
    where
        u1_0.email=? 
    fetch
        first ? rows only
2025-06-23T23:32:17.503+05:30 DEBUG 34438 --- [user-management-system] [           main] org.hibernate.SQL                        : 
    insert 
    into
        users
        (created_at, email, last_login, name, password, status, updated_at) 
    values
        (?, ?, ?, ?, ?, ?, ?)
2025-06-23T23:32:17.517+05:30 DEBUG 34438 --- [user-management-system] [           main] org.hibernate.SQL                        : 
    insert 
    into
        audit_logs
        (action, details, timestamp, user_id) 
    values
        (?, ?, ?, ?)
2025-06-23T23:32:17.523+05:30 DEBUG 34438 --- [user-management-system] [           main] o.s.w.s.m.m.a.HttpEntityMethodProcessor  : Using 'application/json', given [*/*] and supported [application/json, application/*+json]
2025-06-23T23:32:17.524+05:30 DEBUG 34438 --- [user-management-system] [           main] o.s.w.s.m.m.a.HttpEntityMethodProcessor  : Writing [com.usermanagement.dto.UserDto@22]
2025-06-23T23:32:17.525+05:30 TRACE 34438 --- [user-management-system] [           main] o.s.s.w.header.writers.HstsHeaderWriter  : Not injecting HSTS header since it did not match request to [Is Secure]
2025-06-23T23:32:17.530+05:30 DEBUG 34438 --- [user-management-system] [           main] org.hibernate.SQL                        : 
    select
        al1_0.id,
        al1_0.action,
        al1_0.details,
        al1_0.timestamp,
        al1_0.user_id 
    from
        audit_logs al1_0
]]></system-out>
  </testcase>
</testsuite>